{"meta": {"format": 3, "version": "7.12.0", "timestamp": "2025-12-06T18:30:34.376439", "branch_coverage": false, "show_contexts": false}, "files": {"src/__init__.py": {"executed_lines": [1, 25, 27, 28, 29, 31, 34, 41, 70, 95, 97, 105, 115, 116, 118, 119, 122, 124, 127, 128, 129, 131, 134], "summary": {"covered_lines": 21, "num_statements": 22, "percent_covered": 95.45454545454545, "percent_covered_display": "95", "missing_lines": 1, "excluded_lines": 16, "percent_statements_covered": 95.45454545454545, "percent_statements_covered_display": "95"}, "missing_lines": [35], "excluded_lines": [41, 43, 44, 45, 46, 47, 48, 53, 58, 59, 60, 61, 62, 63, 64, 65], "functions": {"_emit_deprecation_warning": {"executed_lines": [97], "summary": {"covered_lines": 1, "num_statements": 1, "percent_covered": 100.0, "percent_covered_display": "100", "missing_lines": 0, "excluded_lines": 0, "percent_statements_covered": 100.0, "percent_statements_covered_display": "100"}, "missing_lines": [], "excluded_lines": []}, "__getattr__": {"executed_lines": [115, 116, 118, 119, 122, 124, 127, 128, 129, 131], "summary": {"covered_lines": 10, "num_statements": 10, "percent_covered": 100.0, "percent_covered_display": "100", "missing_lines": 0, "excluded_lines": 0, "percent_statements_covered": 100.0, "percent_statements_covered_display": "100"}, "missing_lines": [], "excluded_lines": []}, "": {"executed_lines": [1, 25, 27, 28, 29, 31, 34, 41, 70, 95, 105, 134], "summary": {"covered_lines": 10, "num_statements": 11, "percent_covered": 90.9090909090909, "percent_covered_display": "91", "missing_lines": 1, "excluded_lines": 16, "percent_statements_covered": 90.9090909090909, "percent_statements_covered_display": "91"}, "missing_lines": [35], "excluded_lines": [41, 43, 44, 45, 46, 47, 48, 53, 58, 59, 60, 61, 62, 63, 64, 65]}}, "classes": {"": {"executed_lines": [1, 25, 27, 28, 29, 31, 34, 41, 70, 95, 97, 105, 115, 116, 118, 119, 122, 124, 127, 128, 129, 131, 134], "summary": {"covered_lines": 21, "num_statements": 22, "percent_covered": 95.45454545454545, "percent_covered_display": "95", "missing_lines": 1, "excluded_lines": 16, "percent_statements_covered": 95.45454545454545, "percent_statements_covered_display": "95"}, "missing_lines": [35], "excluded_lines": [41, 43, 44, 45, 46, 47, 48, 53, 58, 59, 60, 61, 62, 63, 64, 65]}}}, "src/_deprecation.py": {"executed_lines": [1, 19, 21, 22, 23, 25, 28, 29, 38, 41, 50, 51, 52, 53, 57, 58, 60, 62, 63, 64, 66, 70, 71, 74, 80, 81, 82, 83, 86, 114, 117, 123, 124, 128, 131, 132, 133, 134, 137], "summary": {"covered_lines": 37, "num_statements": 41, "percent_covered": 90.2439024390244, "percent_covered_display": "90", "missing_lines": 4, "excluded_lines": 0, "percent_statements_covered": 90.2439024390244, "percent_statements_covered_display": "90"}, "missing_lines": [54, 59, 67, 68], "excluded_lines": [], "functions": {"_get_caller_info": {"executed_lines": [50, 51, 52, 53, 57, 58, 60, 62, 63, 64, 66, 70, 71], "summary": {"covered_lines": 13, "num_statements": 17, "percent_covered": 76.47058823529412, "percent_covered_display": "76", "missing_lines": 4, "excluded_lines": 0, "percent_statements_covered": 76.47058823529412, "percent_statements_covered_display": "76"}, "missing_lines": [54, 59, 67, 68], "excluded_lines": []}, "_get_deprecation_level": {"executed_lines": [80, 81, 82, 83], "summary": {"covered_lines": 4, "num_statements": 4, "percent_covered": 100.0, "percent_covered_display": "100", "missing_lines": 0, "excluded_lines": 0, "percent_statements_covered": 100.0, "percent_statements_covered_display": "100"}, "missing_lines": [], "excluded_lines": []}, "warn_deprecated": {"executed_lines": [114, 117, 123, 124, 128, 131, 132, 133, 134, 137], "summary": {"covered_lines": 10, "num_statements": 10, "percent_covered": 100.0, "percent_covered_display": "100", "missing_lines": 0, "excluded_lines": 0, "percent_statements_covered": 100.0, "percent_statements_covered_display": "100"}, "missing_lines": [], "excluded_lines": []}, "": {"executed_lines": [1, 19, 21, 22, 23, 25, 28, 29, 38, 41, 74, 86], "summary": {"covered_lines": 10, "num_statements": 10, "percent_covered": 100.0, "percent_covered_display": "100", "missing_lines": 0, "excluded_lines": 0, "percent_statements_covered": 100.0, "percent_statements_covered_display": "100"}, "missing_lines": [], "excluded_lines": []}}, "classes": {"EnhancedDeprecationWarning": {"executed_lines": [], "summary": {"covered_lines": 0, "num_statements": 0, "percent_covered": 100.0, "percent_covered_display": "100", "missing_lines": 0, "excluded_lines": 0, "percent_statements_covered": 100.0, "percent_statements_covered_display": "100"}, "missing_lines": [], "excluded_lines": []}, "": {"executed_lines": [1, 19, 21, 22, 23, 25, 28, 29, 38, 41, 50, 51, 52, 53, 57, 58, 60, 62, 63, 64, 66, 70, 71, 74, 80, 81, 82, 83, 86, 114, 117, 123, 124, 128, 131, 132, 133, 134, 137], "summary": {"covered_lines": 37, "num_statements": 41, "percent_covered": 90.2439024390244, "percent_covered_display": "90", "missing_lines": 4, "excluded_lines": 0, "percent_statements_covered": 90.2439024390244, "percent_statements_covered_display": "90"}, "missing_lines": [54, 59, 67, 68], "excluded_lines": []}}}, "src/agent/__init__.py": {"executed_lines": [2, 8, 11, 14, 26, 35, 42, 45, 46, 47, 50, 79, 85, 90], "summary": {"covered_lines": 13, "num_statements": 16, "percent_covered": 81.25, "percent_covered_display": "81", "missing_lines": 3, "excluded_lines": 0, "percent_statements_covered": 81.25, "percent_statements_covered_display": "81"}, "missing_lines": [86, 88, 89], "excluded_lines": [], "functions": {"__getattr__": {"executed_lines": [85, 90], "summary": {"covered_lines": 2, "num_statements": 5, "percent_covered": 40.0, "percent_covered_display": "40", "missing_lines": 3, "excluded_lines": 0, "percent_statements_covered": 40.0, "percent_statements_covered_display": "40"}, "missing_lines": [86, 88, 89], "excluded_lines": []}, "": {"executed_lines": [2, 8, 11, 14, 26, 35, 42, 45, 46, 47, 50, 79], "summary": {"covered_lines": 11, "num_statements": 11, "percent_covered": 100.0, "percent_covered_display": "100", "missing_lines": 0, "excluded_lines": 0, "percent_statements_covered": 100.0, "percent_statements_covered_display": "100"}, "missing_lines": [], "excluded_lines": []}}, "classes": {"": {"executed_lines": [2, 8, 11, 14, 26, 35, 42, 45, 46, 47, 50, 79, 85, 90], "summary": {"covered_lines": 13, "num_statements": 16, "percent_covered": 81.25, "percent_covered_display": "81", "missing_lines": 3, "excluded_lines": 0, "percent_statements_covered": 81.25, "percent_statements_covered_display": "81"}, "missing_lines": [86, 88, 89], "excluded_lines": []}}}, "src/agent/batch_processor.py": {"executed_lines": [1, 11, 13, 14, 15, 16, 17, 18, 19, 20, 21, 22, 35, 40, 43, 44, 47, 48, 50, 51, 52, 53, 54, 57, 58, 59, 67, 68, 69, 70, 71, 72, 74, 76, 78, 86, 87, 89, 97, 98, 99, 101, 102, 103, 104, 105, 108, 109, 110, 112, 113, 114, 115, 116, 117, 118, 119, 120, 122, 124, 143, 144, 152, 163, 164, 166, 167, 168, 170, 171, 174, 177, 181, 201, 202, 204, 205, 206, 208, 209, 210, 216, 225, 234, 235, 236, 238, 239, 240, 241, 243, 246, 248, 257, 258, 260, 267, 268, 271, 273, 290, 291, 292, 293, 295, 300, 301, 304, 305, 307, 314, 330, 332, 336, 337, 338, 341, 351, 356, 358, 359, 361, 362, 363, 365, 367, 376, 378, 390, 391, 392, 393, 395, 404, 405, 406, 408, 409, 410, 411, 413, 415, 424, 435, 436, 437, 438, 439, 441, 442, 448, 449, 450, 452, 453, 454, 456, 457, 459, 462, 463, 465, 467, 468, 469, 470, 472, 474, 475, 476, 477, 478, 479, 485, 486, 488, 497, 498, 499, 500, 501, 502, 504, 510, 511, 513, 515, 516, 517, 518, 519, 520, 521, 522, 523, 524, 525, 526, 532, 533, 535, 536, 543, 546, 551, 557], "summary": {"covered_lines": 196, "num_statements": 202, "percent_covered": 97.02970297029702, "percent_covered_display": "97", "missing_lines": 6, "excluded_lines": 2, "percent_statements_covered": 97.02970297029702, "percent_statements_covered_display": "97"}, "missing_lines": [308, 309, 310, 311, 312, 544], "excluded_lines": [40, 41], "functions": {"BatchRequest.to_jsonl_dict": {"executed_lines": [76, 78, 86, 87, 89], "summary": {"covered_lines": 5, "num_statements": 5, "percent_covered": 100.0, "percent_covered_display": "100", "missing_lines": 0, "excluded_lines": 0, "percent_statements_covered": 100.0, "percent_statements_covered_display": "100"}, "missing_lines": [], "excluded_lines": []}, "BatchJob.to_dict": {"executed_lines": [124], "summary": {"covered_lines": 1, "num_statements": 1, "percent_covered": 100.0, "percent_covered_display": "100", "missing_lines": 0, "excluded_lines": 0, "percent_statements_covered": 100.0, "percent_statements_covered_display": "100"}, "missing_lines": [], "excluded_lines": []}, "BatchProcessor.__init__": {"executed_lines": [163, 164, 166, 167, 168, 170, 171, 174, 177], "summary": {"covered_lines": 9, "num_statements": 9, "percent_covered": 100.0, "percent_covered_display": "100", "missing_lines": 0, "excluded_lines": 0, "percent_statements_covered": 100.0, "percent_statements_covered_display": "100"}, "missing_lines": [], "excluded_lines": []}, "BatchProcessor.create_batch_request": {"executed_lines": [201, 202, 204, 205, 206, 208, 209, 210, 216], "summary": {"covered_lines": 9, "num_statements": 9, "percent_covered": 100.0, "percent_covered_display": "100", "missing_lines": 0, "excluded_lines": 0, "percent_statements_covered": 100.0, "percent_statements_covered_display": "100"}, "missing_lines": [], "excluded_lines": []}, "BatchProcessor.build_jsonl": {"executed_lines": [234, 235, 236, 238, 239, 240, 241, 243, 246], "summary": {"covered_lines": 9, "num_statements": 9, "percent_covered": 100.0, "percent_covered_display": "100", "missing_lines": 0, "excluded_lines": 0, "percent_statements_covered": 100.0, "percent_statements_covered_display": "100"}, "missing_lines": [], "excluded_lines": []}, "BatchProcessor.create_batch_job": {"executed_lines": [257, 258, 260, 267, 268, 271], "summary": {"covered_lines": 6, "num_statements": 6, "percent_covered": 100.0, "percent_covered_display": "100", "missing_lines": 0, "excluded_lines": 0, "percent_statements_covered": 100.0, "percent_statements_covered_display": "100"}, "missing_lines": [], "excluded_lines": []}, "BatchProcessor.submit_batch_job": {"executed_lines": [290, 291, 292, 293, 295, 300, 301, 304, 305, 307], "summary": {"covered_lines": 10, "num_statements": 15, "percent_covered": 66.66666666666667, "percent_covered_display": "67", "missing_lines": 5, "excluded_lines": 0, "percent_statements_covered": 66.66666666666667, "percent_statements_covered_display": "67"}, "missing_lines": [308, 309, 310, 311, 312], "excluded_lines": []}, "BatchProcessor.poll_batch_job": {"executed_lines": [330, 332, 336, 337, 338, 341, 351, 356, 358, 359, 361, 362, 363, 365], "summary": {"covered_lines": 14, "num_statements": 14, "percent_covered": 100.0, "percent_covered_display": "100", "missing_lines": 0, "excluded_lines": 0, "percent_statements_covered": 100.0, "percent_statements_covered_display": "100"}, "missing_lines": [], "excluded_lines": []}, "BatchProcessor.get_job": {"executed_lines": [376], "summary": {"covered_lines": 1, "num_statements": 1, "percent_covered": 100.0, "percent_covered_display": "100", "missing_lines": 0, "excluded_lines": 0, "percent_statements_covered": 100.0, "percent_statements_covered_display": "100"}, "missing_lines": [], "excluded_lines": []}, "BatchProcessor.list_jobs": {"executed_lines": [390, 391, 392, 393], "summary": {"covered_lines": 4, "num_statements": 4, "percent_covered": 100.0, "percent_covered_display": "100", "missing_lines": 0, "excluded_lines": 0, "percent_statements_covered": 100.0, "percent_statements_covered_display": "100"}, "missing_lines": [], "excluded_lines": []}, "BatchProcessor.cancel_job": {"executed_lines": [404, 405, 406, 408, 409, 410, 411, 413], "summary": {"covered_lines": 8, "num_statements": 8, "percent_covered": 100.0, "percent_covered_display": "100", "missing_lines": 0, "excluded_lines": 0, "percent_statements_covered": 100.0, "percent_statements_covered_display": "100"}, "missing_lines": [], "excluded_lines": []}, "BatchProcessor.cleanup_completed_jobs": {"executed_lines": [424, 435, 436, 437, 438, 439, 441, 442], "summary": {"covered_lines": 8, "num_statements": 8, "percent_covered": 100.0, "percent_covered_display": "100", "missing_lines": 0, "excluded_lines": 0, "percent_statements_covered": 100.0, "percent_statements_covered_display": "100"}, "missing_lines": [], "excluded_lines": []}, "BatchResult.success_rate": {"executed_lines": [459], "summary": {"covered_lines": 1, "num_statements": 1, "percent_covered": 100.0, "percent_covered_display": "100", "missing_lines": 0, "excluded_lines": 0, "percent_statements_covered": 100.0, "percent_statements_covered_display": "100"}, "missing_lines": [], "excluded_lines": []}, "AsyncRateLimiter.__init__": {"executed_lines": [467, 468, 469, 470], "summary": {"covered_lines": 4, "num_statements": 4, "percent_covered": 100.0, "percent_covered_display": "100", "missing_lines": 0, "excluded_lines": 0, "percent_statements_covered": 100.0, "percent_statements_covered_display": "100"}, "missing_lines": [], "excluded_lines": []}, "AsyncRateLimiter.acquire": {"executed_lines": [474, 475, 476, 477, 478, 479], "summary": {"covered_lines": 6, "num_statements": 6, "percent_covered": 100.0, "percent_covered_display": "100", "missing_lines": 0, "excluded_lines": 0, "percent_statements_covered": 100.0, "percent_statements_covered_display": "100"}, "missing_lines": [], "excluded_lines": []}, "SmartBatchProcessor.__init__": {"executed_lines": [497, 498, 499, 500, 501, 502], "summary": {"covered_lines": 6, "num_statements": 6, "percent_covered": 100.0, "percent_covered_display": "100", "missing_lines": 0, "excluded_lines": 0, "percent_statements_covered": 100.0, "percent_statements_covered_display": "100"}, "missing_lines": [], "excluded_lines": []}, "SmartBatchProcessor.process_batch": {"executed_lines": [510, 511, 513, 546, 551, 557], "summary": {"covered_lines": 6, "num_statements": 6, "percent_covered": 100.0, "percent_covered_display": "100", "missing_lines": 0, "excluded_lines": 0, "percent_statements_covered": 100.0, "percent_statements_covered_display": "100"}, "missing_lines": [], "excluded_lines": []}, "SmartBatchProcessor.process_batch.process_with_limits": {"executed_lines": [515, 516, 517, 518, 519, 520, 521, 522, 523, 524, 525, 526, 532, 533, 535, 536, 543], "summary": {"covered_lines": 17, "num_statements": 18, "percent_covered": 94.44444444444444, "percent_covered_display": "94", "missing_lines": 1, "excluded_lines": 0, "percent_statements_covered": 94.44444444444444, "percent_statements_covered_display": "94"}, "missing_lines": [544], "excluded_lines": []}, "": {"executed_lines": [1, 11, 13, 14, 15, 16, 17, 18, 19, 20, 21, 22, 35, 40, 43, 44, 47, 48, 50, 51, 52, 53, 54, 57, 58, 59, 67, 68, 69, 70, 71, 72, 74, 97, 98, 99, 101, 102, 103, 104, 105, 108, 109, 110, 112, 113, 114, 115, 116, 117, 118, 119, 120, 122, 143, 144, 152, 181, 225, 248, 273, 314, 367, 378, 395, 415, 448, 449, 450, 452, 453, 454, 456, 457, 462, 463, 465, 472, 485, 486, 488, 504], "summary": {"covered_lines": 72, "num_statements": 72, "percent_covered": 100.0, "percent_covered_display": "100", "missing_lines": 0, "excluded_lines": 2, "percent_statements_covered": 100.0, "percent_statements_covered_display": "100"}, "missing_lines": [], "excluded_lines": [40, 41]}}, "classes": {"BatchJobStatus": {"executed_lines": [], "summary": {"covered_lines": 0, "num_statements": 0, "percent_covered": 100.0, "percent_covered_display": "100", "missing_lines": 0, "excluded_lines": 0, "percent_statements_covered": 100.0, "percent_statements_covered_display": "100"}, "missing_lines": [], "excluded_lines": []}, "BatchRequest": {"executed_lines": [76, 78, 86, 87, 89], "summary": {"covered_lines": 5, "num_statements": 5, "percent_covered": 100.0, "percent_covered_display": "100", "missing_lines": 0, "excluded_lines": 0, "percent_statements_covered": 100.0, "percent_statements_covered_display": "100"}, "missing_lines": [], "excluded_lines": []}, "BatchJobResult": {"executed_lines": [], "summary": {"covered_lines": 0, "num_statements": 0, "percent_covered": 100.0, "percent_covered_display": "100", "missing_lines": 0, "excluded_lines": 0, "percent_statements_covered": 100.0, "percent_statements_covered_display": "100"}, "missing_lines": [], "excluded_lines": []}, "BatchJob": {"executed_lines": [124], "summary": {"covered_lines": 1, "num_statements": 1, "percent_covered": 100.0, "percent_covered_display": "100", "missing_lines": 0, "excluded_lines": 0, "percent_statements_covered": 100.0, "percent_statements_covered_display": "100"}, "missing_lines": [], "excluded_lines": []}, "BatchProcessor": {"executed_lines": [163, 164, 166, 167, 168, 170, 171, 174, 177, 201, 202, 204, 205, 206, 208, 209, 210, 216, 234, 235, 236, 238, 239, 240, 241, 243, 246, 257, 258, 260, 267, 268, 271, 290, 291, 292, 293, 295, 300, 301, 304, 305, 307, 330, 332, 336, 337, 338, 341, 351, 356, 358, 359, 361, 362, 363, 365, 376, 390, 391, 392, 393, 404, 405, 406, 408, 409, 410, 411, 413, 424, 435, 436, 437, 438, 439, 441, 442], "summary": {"covered_lines": 78, "num_statements": 83, "percent_covered": 93.97590361445783, "percent_covered_display": "94", "missing_lines": 5, "excluded_lines": 0, "percent_statements_covered": 93.97590361445783, "percent_statements_covered_display": "94"}, "missing_lines": [308, 309, 310, 311, 312], "excluded_lines": []}, "BatchResult": {"executed_lines": [459], "summary": {"covered_lines": 1, "num_statements": 1, "percent_covered": 100.0, "percent_covered_display": "100", "missing_lines": 0, "excluded_lines": 0, "percent_statements_covered": 100.0, "percent_statements_covered_display": "100"}, "missing_lines": [], "excluded_lines": []}, "AsyncRateLimiter": {"executed_lines": [467, 468, 469, 470, 474, 475, 476, 477, 478, 479], "summary": {"covered_lines": 10, "num_statements": 10, "percent_covered": 100.0, "percent_covered_display": "100", "missing_lines": 0, "excluded_lines": 0, "percent_statements_covered": 100.0, "percent_statements_covered_display": "100"}, "missing_lines": [], "excluded_lines": []}, "SmartBatchProcessor": {"executed_lines": [497, 498, 499, 500, 501, 502, 510, 511, 513, 515, 516, 517, 518, 519, 520, 521, 522, 523, 524, 525, 526, 532, 533, 535, 536, 543, 546, 551, 557], "summary": {"covered_lines": 29, "num_statements": 30, "percent_covered": 96.66666666666667, "percent_covered_display": "97", "missing_lines": 1, "excluded_lines": 0, "percent_statements_covered": 96.66666666666667, "percent_statements_covered_display": "97"}, "missing_lines": [544], "excluded_lines": []}, "": {"executed_lines": [1, 11, 13, 14, 15, 16, 17, 18, 19, 20, 21, 22, 35, 40, 43, 44, 47, 48, 50, 51, 52, 53, 54, 57, 58, 59, 67, 68, 69, 70, 71, 72, 74, 97, 98, 99, 101, 102, 103, 104, 105, 108, 109, 110, 112, 113, 114, 115, 116, 117, 118, 119, 120, 122, 143, 144, 152, 181, 225, 248, 273, 314, 367, 378, 395, 415, 448, 449, 450, 452, 453, 454, 456, 457, 462, 463, 465, 472, 485, 486, 488, 504], "summary": {"covered_lines": 72, "num_statements": 72, "percent_covered": 100.0, "percent_covered_display": "100", "missing_lines": 0, "excluded_lines": 2, "percent_statements_covered": 100.0, "percent_statements_covered_display": "100"}, "missing_lines": [], "excluded_lines": [40, 41]}}}, "src/agent/cache_manager.py": {"executed_lines": [2, 8, 10, 11, 12, 13, 14, 15, 17, 18, 19, 22, 23, 29, 36, 37, 38, 39, 40, 49, 59, 60, 65, 67, 68, 73, 75, 77, 78, 79, 80, 82, 87, 93, 94, 96, 101, 107, 108, 110, 112, 118, 119, 121, 122, 123, 124, 125, 126, 128, 129, 130, 131, 132, 135, 137, 139, 140, 141, 142, 143, 144, 145, 146, 147, 151, 167, 168, 169, 170, 171, 172, 173, 174, 175, 176, 177, 178, 179, 180, 181, 182, 185, 195, 196, 197, 198, 204, 209, 210, 211, 218, 222, 238, 242, 243, 245], "summary": {"covered_lines": 95, "num_statements": 112, "percent_covered": 84.82142857142857, "percent_covered_display": "85", "missing_lines": 17, "excluded_lines": 0, "percent_statements_covered": 84.82142857142857, "percent_statements_covered_display": "85"}, "missing_lines": [109, 120, 136, 138, 148, 149, 183, 199, 200, 201, 202, 203, 212, 213, 220, 234, 240], "excluded_lines": [], "functions": {"CacheManager.__init__": {"executed_lines": [36, 37, 38, 39, 40], "summary": {"covered_lines": 5, "num_statements": 5, "percent_covered": 100.0, "percent_covered_display": "100", "missing_lines": 0, "excluded_lines": 0, "percent_statements_covered": 100.0, "percent_statements_covered_display": "100"}, "missing_lines": [], "excluded_lines": []}, "CacheManager.should_cache": {"executed_lines": [59, 60, 65, 67, 68, 73], "summary": {"covered_lines": 6, "num_statements": 6, "percent_covered": 100.0, "percent_covered_display": "100", "missing_lines": 0, "excluded_lines": 0, "percent_statements_covered": 100.0, "percent_statements_covered_display": "100"}, "missing_lines": [], "excluded_lines": []}, "CacheManager._estimate_savings": {"executed_lines": [77, 78, 79, 80, 82], "summary": {"covered_lines": 5, "num_statements": 5, "percent_covered": 100.0, "percent_covered_display": "100", "missing_lines": 0, "excluded_lines": 0, "percent_statements_covered": 100.0, "percent_statements_covered_display": "100"}, "missing_lines": [], "excluded_lines": []}, "CacheManager.track_cache_usage": {"executed_lines": [93, 94, 96], "summary": {"covered_lines": 3, "num_statements": 3, "percent_covered": 100.0, "percent_covered_display": "100", "missing_lines": 0, "excluded_lines": 0, "percent_statements_covered": 100.0, "percent_statements_covered_display": "100"}, "missing_lines": [], "excluded_lines": []}, "CacheManager._local_cache_manifest_path": {"executed_lines": [107, 108, 110], "summary": {"covered_lines": 3, "num_statements": 4, "percent_covered": 75.0, "percent_covered_display": "75", "missing_lines": 1, "excluded_lines": 0, "percent_statements_covered": 75.0, "percent_statements_covered_display": "75"}, "missing_lines": [109], "excluded_lines": []}, "CacheManager.cleanup_expired_cache": {"executed_lines": [118, 119, 121, 122, 123, 124, 125, 126, 128, 129, 130, 131, 132, 135, 137, 139, 140, 141, 142, 143, 144, 145, 146, 147], "summary": {"covered_lines": 24, "num_statements": 29, "percent_covered": 82.75862068965517, "percent_covered_display": "83", "missing_lines": 5, "excluded_lines": 0, "percent_statements_covered": 82.75862068965517, "percent_statements_covered_display": "83"}, "missing_lines": [120, 136, 138, 148, 149], "excluded_lines": []}, "CacheManager.load_local_cache": {"executed_lines": [167, 168, 169, 170, 171, 172, 173, 174, 175, 176, 177, 178, 179, 180, 181, 182], "summary": {"covered_lines": 16, "num_statements": 17, "percent_covered": 94.11764705882354, "percent_covered_display": "94", "missing_lines": 1, "excluded_lines": 0, "percent_statements_covered": 94.11764705882354, "percent_statements_covered_display": "94"}, "missing_lines": [183], "excluded_lines": []}, "CacheManager.store_local_cache": {"executed_lines": [195, 196, 197, 198, 204, 209, 210, 211], "summary": {"covered_lines": 8, "num_statements": 15, "percent_covered": 53.333333333333336, "percent_covered_display": "53", "missing_lines": 7, "excluded_lines": 0, "percent_statements_covered": 53.333333333333336, "percent_statements_covered_display": "53"}, "missing_lines": [199, 200, 201, 202, 203, 212, 213], "excluded_lines": []}, "CacheManager.cleanup_expired": {"executed_lines": [], "summary": {"covered_lines": 0, "num_statements": 1, "percent_covered": 0.0, "percent_covered_display": "0", "missing_lines": 1, "excluded_lines": 0, "percent_statements_covered": 0.0, "percent_statements_covered_display": "0"}, "missing_lines": [220], "excluded_lines": []}, "CacheManager.load_cached": {"executed_lines": [], "summary": {"covered_lines": 0, "num_statements": 1, "percent_covered": 0.0, "percent_covered_display": "0", "missing_lines": 1, "excluded_lines": 0, "percent_statements_covered": 0.0, "percent_statements_covered_display": "0"}, "missing_lines": [234], "excluded_lines": []}, "CacheManager.store_cache": {"executed_lines": [], "summary": {"covered_lines": 0, "num_statements": 1, "percent_covered": 0.0, "percent_covered_display": "0", "missing_lines": 1, "excluded_lines": 0, "percent_statements_covered": 0.0, "percent_statements_covered_display": "0"}, "missing_lines": [240], "excluded_lines": []}, "CacheManager.compute_fingerprint": {"executed_lines": [245], "summary": {"covered_lines": 1, "num_statements": 1, "percent_covered": 100.0, "percent_covered_display": "100", "missing_lines": 0, "excluded_lines": 0, "percent_statements_covered": 100.0, "percent_statements_covered_display": "100"}, "missing_lines": [], "excluded_lines": []}, "": {"executed_lines": [2, 8, 10, 11, 12, 13, 14, 15, 17, 18, 19, 22, 23, 29, 49, 75, 87, 101, 112, 151, 185, 218, 222, 238, 242, 243], "summary": {"covered_lines": 24, "num_statements": 24, "percent_covered": 100.0, "percent_covered_display": "100", "missing_lines": 0, "excluded_lines": 0, "percent_statements_covered": 100.0, "percent_statements_covered_display": "100"}, "missing_lines": [], "excluded_lines": []}}, "classes": {"CacheManager": {"executed_lines": [36, 37, 38, 39, 40, 59, 60, 65, 67, 68, 73, 77, 78, 79, 80, 82, 93, 94, 96, 107, 108, 110, 118, 119, 121, 122, 123, 124, 125, 126, 128, 129, 130, 131, 132, 135, 137, 139, 140, 141, 142, 143, 144, 145, 146, 147, 167, 168, 169, 170, 171, 172, 173, 174, 175, 176, 177, 178, 179, 180, 181, 182, 195, 196, 197, 198, 204, 209, 210, 211, 245], "summary": {"covered_lines": 71, "num_statements": 88, "percent_covered": 80.68181818181819, "percent_covered_display": "81", "missing_lines": 17, "excluded_lines": 0, "percent_statements_covered": 80.68181818181819, "percent_statements_covered_display": "81"}, "missing_lines": [109, 120, 136, 138, 148, 149, 183, 199, 200, 201, 202, 203, 212, 213, 220, 234, 240], "excluded_lines": []}, "": {"executed_lines": [2, 8, 10, 11, 12, 13, 14, 15, 17, 18, 19, 22, 23, 29, 49, 75, 87, 101, 112, 151, 185, 218, 222, 238, 242, 243], "summary": {"covered_lines": 24, "num_statements": 24, "percent_covered": 100.0, "percent_covered_display": "100", "missing_lines": 0, "excluded_lines": 0, "percent_statements_covered": 100.0, "percent_statements_covered_display": "100"}, "missing_lines": [], "excluded_lines": []}}}, "src/agent/client.py": {"executed_lines": [1, 3, 5, 6, 7, 8, 11, 15, 16, 24, 28, 29, 31, 44, 45, 46, 47, 48, 56, 58, 59, 60, 62, 73, 74, 80, 82, 83, 88, 89, 92, 93, 95, 96, 97, 101, 107, 118, 119, 120, 121, 123, 127, 128, 129, 131, 136, 141, 142, 143, 144, 145, 146, 148, 149, 151, 152, 153, 154, 158], "summary": {"covered_lines": 57, "num_statements": 61, "percent_covered": 93.44262295081967, "percent_covered_display": "93", "missing_lines": 4, "excluded_lines": 2, "percent_statements_covered": 93.44262295081967, "percent_statements_covered_display": "93"}, "missing_lines": [75, 76, 156, 160], "excluded_lines": [11, 12], "functions": {"GeminiClient.__init__": {"executed_lines": [28, 29], "summary": {"covered_lines": 2, "num_statements": 2, "percent_covered": 100.0, "percent_covered_display": "100", "missing_lines": 0, "excluded_lines": 0, "percent_statements_covered": 100.0, "percent_statements_covered_display": "100"}, "missing_lines": [], "excluded_lines": []}, "GeminiClient.execute": {"executed_lines": [44, 45, 46, 47, 48, 56, 58, 59, 60, 62, 73, 74, 80, 82, 83, 88, 89, 92, 93, 95, 96, 97, 101, 107, 118, 119, 120, 121, 123, 127, 128, 129, 131, 136, 141, 142, 143, 144, 145, 146, 148, 149, 151, 152, 153, 154], "summary": {"covered_lines": 46, "num_statements": 49, "percent_covered": 93.87755102040816, "percent_covered_display": "94", "missing_lines": 3, "excluded_lines": 0, "percent_statements_covered": 93.87755102040816, "percent_statements_covered_display": "94"}, "missing_lines": [75, 76, 156], "excluded_lines": []}, "GeminiClient.parse_and_validate": {"executed_lines": [], "summary": {"covered_lines": 0, "num_statements": 1, "percent_covered": 0.0, "percent_covered_display": "0", "missing_lines": 1, "excluded_lines": 0, "percent_statements_covered": 0.0, "percent_statements_covered_display": "0"}, "missing_lines": [160], "excluded_lines": []}, "": {"executed_lines": [1, 3, 5, 6, 7, 8, 11, 15, 16, 24, 31, 158], "summary": {"covered_lines": 9, "num_statements": 9, "percent_covered": 100.0, "percent_covered_display": "100", "missing_lines": 0, "excluded_lines": 2, "percent_statements_covered": 100.0, "percent_statements_covered_display": "100"}, "missing_lines": [], "excluded_lines": [11, 12]}}, "classes": {"GeminiClient": {"executed_lines": [28, 29, 44, 45, 46, 47, 48, 56, 58, 59, 60, 62, 73, 74, 80, 82, 83, 88, 89, 92, 93, 95, 96, 97, 101, 107, 118, 119, 120, 121, 123, 127, 128, 129, 131, 136, 141, 142, 143, 144, 145, 146, 148, 149, 151, 152, 153, 154], "summary": {"covered_lines": 48, "num_statements": 52, "percent_covered": 92.3076923076923, "percent_covered_display": "92", "missing_lines": 4, "excluded_lines": 0, "percent_statements_covered": 92.3076923076923, "percent_statements_covered_display": "92"}, "missing_lines": [75, 76, 156, 160], "excluded_lines": []}, "": {"executed_lines": [1, 3, 5, 6, 7, 8, 11, 15, 16, 24, 31, 158], "summary": {"covered_lines": 9, "num_statements": 9, "percent_covered": 100.0, "percent_covered_display": "100", "missing_lines": 0, "excluded_lines": 2, "percent_statements_covered": 100.0, "percent_statements_covered_display": "100"}, "missing_lines": [], "excluded_lines": [11, 12]}}}, "src/agent/context_manager.py": {"executed_lines": [1, 3, 5, 6, 7, 9, 11, 15, 16, 18, 20, 22, 24, 26, 32, 34, 36, 40, 44, 48, 52, 54, 55, 56, 59, 60, 64, 69, 70, 73, 75, 77, 78, 81, 82, 84, 85, 87, 88, 91, 93, 95, 96, 104, 113, 116, 117, 118], "summary": {"covered_lines": 45, "num_statements": 54, "percent_covered": 83.33333333333333, "percent_covered_display": "83", "missing_lines": 9, "excluded_lines": 2, "percent_statements_covered": 83.33333333333333, "percent_statements_covered_display": "83"}, "missing_lines": [28, 105, 108, 109, 110, 111, 112, 114, 115], "excluded_lines": [11, 12], "functions": {"AgentContextManager.__init__": {"executed_lines": [20], "summary": {"covered_lines": 1, "num_statements": 1, "percent_covered": 100.0, "percent_covered_display": "100", "missing_lines": 0, "excluded_lines": 0, "percent_statements_covered": 100.0, "percent_statements_covered_display": "100"}, "missing_lines": [], "excluded_lines": []}, "AgentContextManager.track_cache_usage": {"executed_lines": [24], "summary": {"covered_lines": 1, "num_statements": 1, "percent_covered": 100.0, "percent_covered_display": "100", "missing_lines": 0, "excluded_lines": 0, "percent_statements_covered": 100.0, "percent_statements_covered_display": "100"}, "missing_lines": [], "excluded_lines": []}, "AgentContextManager.get_cached_content": {"executed_lines": [], "summary": {"covered_lines": 0, "num_statements": 1, "percent_covered": 0.0, "percent_covered_display": "0", "missing_lines": 1, "excluded_lines": 0, "percent_statements_covered": 0.0, "percent_statements_covered_display": "0"}, "missing_lines": [28], "excluded_lines": []}, "AgentContextManager.cleanup_expired_cache": {"executed_lines": [34], "summary": {"covered_lines": 1, "num_statements": 1, "percent_covered": 100.0, "percent_covered_display": "100", "missing_lines": 0, "excluded_lines": 0, "percent_statements_covered": 100.0, "percent_statements_covered_display": "100"}, "missing_lines": [], "excluded_lines": []}, "AgentContextManager.load_local_cache": {"executed_lines": [40], "summary": {"covered_lines": 1, "num_statements": 1, "percent_covered": 100.0, "percent_covered_display": "100", "missing_lines": 0, "excluded_lines": 0, "percent_statements_covered": 100.0, "percent_statements_covered_display": "100"}, "missing_lines": [], "excluded_lines": []}, "AgentContextManager.store_local_cache": {"executed_lines": [48], "summary": {"covered_lines": 1, "num_statements": 1, "percent_covered": 100.0, "percent_covered_display": "100", "missing_lines": 0, "excluded_lines": 0, "percent_statements_covered": 100.0, "percent_statements_covered_display": "100"}, "missing_lines": [], "excluded_lines": []}, "AgentContextManager.create_context_cache": {"executed_lines": [54, 55, 56, 59, 60, 64, 69, 70, 73, 75, 77, 84, 85, 87, 88, 91, 93, 95, 104, 113, 116, 117, 118], "summary": {"covered_lines": 23, "num_statements": 31, "percent_covered": 74.19354838709677, "percent_covered_display": "74", "missing_lines": 8, "excluded_lines": 0, "percent_statements_covered": 74.19354838709677, "percent_statements_covered_display": "74"}, "missing_lines": [105, 108, 109, 110, 111, 112, 114, 115], "excluded_lines": []}, "AgentContextManager.create_context_cache._count_tokens": {"executed_lines": [78, 81, 82], "summary": {"covered_lines": 3, "num_statements": 3, "percent_covered": 100.0, "percent_covered_display": "100", "missing_lines": 0, "excluded_lines": 0, "percent_statements_covered": 100.0, "percent_statements_covered_display": "100"}, "missing_lines": [], "excluded_lines": []}, "AgentContextManager.create_context_cache._create_cache": {"executed_lines": [96], "summary": {"covered_lines": 1, "num_statements": 1, "percent_covered": 100.0, "percent_covered_display": "100", "missing_lines": 0, "excluded_lines": 0, "percent_statements_covered": 100.0, "percent_statements_covered_display": "100"}, "missing_lines": [], "excluded_lines": []}, "": {"executed_lines": [1, 3, 5, 6, 7, 9, 11, 15, 16, 18, 22, 26, 32, 36, 44, 52], "summary": {"covered_lines": 13, "num_statements": 13, "percent_covered": 100.0, "percent_covered_display": "100", "missing_lines": 0, "excluded_lines": 2, "percent_statements_covered": 100.0, "percent_statements_covered_display": "100"}, "missing_lines": [], "excluded_lines": [11, 12]}}, "classes": {"AgentContextManager": {"executed_lines": [20, 24, 34, 40, 48, 54, 55, 56, 59, 60, 64, 69, 70, 73, 75, 77, 78, 81, 82, 84, 85, 87, 88, 91, 93, 95, 96, 104, 113, 116, 117, 118], "summary": {"covered_lines": 32, "num_statements": 41, "percent_covered": 78.04878048780488, "percent_covered_display": "78", "missing_lines": 9, "excluded_lines": 0, "percent_statements_covered": 78.04878048780488, "percent_statements_covered_display": "78"}, "missing_lines": [28, 105, 108, 109, 110, 111, 112, 114, 115], "excluded_lines": []}, "": {"executed_lines": [1, 3, 5, 6, 7, 9, 11, 15, 16, 18, 22, 26, 32, 36, 44, 52], "summary": {"covered_lines": 13, "num_statements": 13, "percent_covered": 100.0, "percent_covered_display": "100", "missing_lines": 0, "excluded_lines": 2, "percent_statements_covered": 100.0, "percent_statements_covered_display": "100"}, "missing_lines": [], "excluded_lines": [11, 12]}}}, "src/agent/core.py": {"executed_lines": [2, 31, 33, 34, 35, 36, 47, 48, 49, 56, 57, 61, 62, 63, 65, 66, 67, 68, 69, 70, 71, 77, 84, 86, 87, 88, 92, 93, 105, 121, 122, 125, 126, 129, 130, 131, 133, 134, 135, 137, 140, 141, 142, 143, 144, 147, 150, 151, 152, 153, 154, 155, 156, 159, 160, 162, 163, 164, 167, 168, 170, 178, 179, 180, 186, 193, 194, 196, 198, 199, 201, 203, 204, 206, 208, 209, 211, 213, 214, 216, 218, 219, 223, 224, 226, 228, 229, 233, 234, 240, 241, 242, 244, 246, 247, 248, 249, 250, 251, 253, 254, 256, 257, 258, 260, 262, 264, 265, 266, 270, 272, 273, 274, 276, 278, 279, 280, 282, 284, 285, 286, 298, 306, 308, 310, 312, 314, 316, 320, 330, 334, 351, 356, 357, 358, 360, 362, 363, 369, 375, 376, 377, 378, 379, 380, 384, 386, 387, 388, 392, 393, 397, 399, 401, 403, 407, 408, 450, 462, 470, 471, 510, 521, 561, 572, 574, 576, 578, 580, 582, 586, 607, 611, 612, 619, 620, 621, 622, 627, 628, 631, 643, 648], "summary": {"covered_lines": 180, "num_statements": 197, "percent_covered": 91.37055837563452, "percent_covered_display": "91", "missing_lines": 17, "excluded_lines": 4, "percent_statements_covered": 91.37055837563452, "percent_statements_covered_display": "91"}, "missing_lines": [89, 127, 181, 221, 231, 236, 267, 268, 269, 304, 389, 624, 625, 626, 644, 646, 647], "excluded_lines": [77, 78, 80, 81], "functions": {"_get_log_metrics": {"executed_lines": [86, 87, 88], "summary": {"covered_lines": 3, "num_statements": 4, "percent_covered": 75.0, "percent_covered_display": "75", "missing_lines": 1, "excluded_lines": 0, "percent_statements_covered": 75.0, "percent_statements_covered_display": "75"}, "missing_lines": [89], "excluded_lines": []}, "GeminiAgent.__init__": {"executed_lines": [121, 122, 125, 126, 129, 130, 131, 133, 134, 135, 137, 140, 141, 142, 143, 144, 147, 150, 151, 152, 153, 154, 155, 156, 159, 160, 162, 163, 164, 167, 168, 170, 178, 179, 180, 186], "summary": {"covered_lines": 36, "num_statements": 38, "percent_covered": 94.73684210526316, "percent_covered_display": "95", "missing_lines": 2, "excluded_lines": 0, "percent_statements_covered": 94.73684210526316, "percent_statements_covered_display": "95"}, "missing_lines": [127, 181], "excluded_lines": []}, "GeminiAgent.total_input_tokens": {"executed_lines": [201], "summary": {"covered_lines": 1, "num_statements": 1, "percent_covered": 100.0, "percent_covered_display": "100", "missing_lines": 0, "excluded_lines": 0, "percent_statements_covered": 100.0, "percent_statements_covered_display": "100"}, "missing_lines": [], "excluded_lines": []}, "GeminiAgent.total_output_tokens": {"executed_lines": [211], "summary": {"covered_lines": 1, "num_statements": 1, "percent_covered": 100.0, "percent_covered_display": "100", "missing_lines": 0, "excluded_lines": 0, "percent_statements_covered": 100.0, "percent_statements_covered_display": "100"}, "missing_lines": [], "excluded_lines": []}, "GeminiAgent.cache_hits": {"executed_lines": [], "summary": {"covered_lines": 0, "num_statements": 1, "percent_covered": 0.0, "percent_covered_display": "0", "missing_lines": 1, "excluded_lines": 0, "percent_statements_covered": 0.0, "percent_statements_covered_display": "0"}, "missing_lines": [221], "excluded_lines": []}, "GeminiAgent.cache_misses": {"executed_lines": [], "summary": {"covered_lines": 0, "num_statements": 1, "percent_covered": 0.0, "percent_covered_display": "0", "missing_lines": 1, "excluded_lines": 0, "percent_statements_covered": 0.0, "percent_statements_covered_display": "0"}, "missing_lines": [231], "excluded_lines": []}, "GeminiAgent._budget_warned_thresholds": {"executed_lines": [], "summary": {"covered_lines": 0, "num_statements": 1, "percent_covered": 0.0, "percent_covered_display": "0", "missing_lines": 1, "excluded_lines": 0, "percent_statements_covered": 0.0, "percent_statements_covered_display": "0"}, "missing_lines": [236], "excluded_lines": []}, "GeminiAgent._genai": {"executed_lines": [242, 244], "summary": {"covered_lines": 2, "num_statements": 2, "percent_covered": 100.0, "percent_covered_display": "100", "missing_lines": 0, "excluded_lines": 0, "percent_statements_covered": 100.0, "percent_statements_covered_display": "100"}, "missing_lines": [], "excluded_lines": []}, "GeminiAgent._caching": {"executed_lines": [248, 249, 250, 251, 253, 254], "summary": {"covered_lines": 6, "num_statements": 6, "percent_covered": 100.0, "percent_covered_display": "100", "missing_lines": 0, "excluded_lines": 0, "percent_statements_covered": 100.0, "percent_statements_covered_display": "100"}, "missing_lines": [], "excluded_lines": []}, "GeminiAgent._google_exceptions": {"executed_lines": [258, 260], "summary": {"covered_lines": 2, "num_statements": 2, "percent_covered": 100.0, "percent_covered_display": "100", "missing_lines": 0, "excluded_lines": 0, "percent_statements_covered": 100.0, "percent_statements_covered_display": "100"}, "missing_lines": [], "excluded_lines": []}, "GeminiAgent._is_rate_limit_error": {"executed_lines": [264, 265, 266, 270], "summary": {"covered_lines": 4, "num_statements": 7, "percent_covered": 57.142857142857146, "percent_covered_display": "57", "missing_lines": 3, "excluded_lines": 0, "percent_statements_covered": 57.142857142857146, "percent_statements_covered_display": "57"}, "missing_lines": [267, 268, 269], "excluded_lines": []}, "GeminiAgent._protos": {"executed_lines": [274, 276], "summary": {"covered_lines": 2, "num_statements": 2, "percent_covered": 100.0, "percent_covered_display": "100", "missing_lines": 0, "excluded_lines": 0, "percent_statements_covered": 100.0, "percent_statements_covered_display": "100"}, "missing_lines": [], "excluded_lines": []}, "GeminiAgent._harm_types": {"executed_lines": [280, 282], "summary": {"covered_lines": 2, "num_statements": 2, "percent_covered": 100.0, "percent_covered_display": "100", "missing_lines": 0, "excluded_lines": 0, "percent_statements_covered": 100.0, "percent_statements_covered_display": "100"}, "missing_lines": [], "excluded_lines": []}, "GeminiAgent._get_safety_settings": {"executed_lines": [285, 286], "summary": {"covered_lines": 2, "num_statements": 2, "percent_covered": 100.0, "percent_covered_display": "100", "missing_lines": 0, "excluded_lines": 0, "percent_statements_covered": 100.0, "percent_statements_covered_display": "100"}, "missing_lines": [], "excluded_lines": []}, "GeminiAgent._track_cache_usage": {"executed_lines": [], "summary": {"covered_lines": 0, "num_statements": 1, "percent_covered": 0.0, "percent_covered_display": "0", "missing_lines": 1, "excluded_lines": 0, "percent_statements_covered": 0.0, "percent_statements_covered_display": "0"}, "missing_lines": [304], "excluded_lines": []}, "GeminiAgent._local_cache_manifest_path": {"executed_lines": [308], "summary": {"covered_lines": 1, "num_statements": 1, "percent_covered": 100.0, "percent_covered_display": "100", "missing_lines": 0, "excluded_lines": 0, "percent_statements_covered": 100.0, "percent_statements_covered_display": "100"}, "missing_lines": [], "excluded_lines": []}, "GeminiAgent._cleanup_expired_cache": {"executed_lines": [312], "summary": {"covered_lines": 1, "num_statements": 1, "percent_covered": 100.0, "percent_covered_display": "100", "missing_lines": 0, "excluded_lines": 0, "percent_statements_covered": 100.0, "percent_statements_covered_display": "100"}, "missing_lines": [], "excluded_lines": []}, "GeminiAgent._load_local_cache": {"executed_lines": [316], "summary": {"covered_lines": 1, "num_statements": 1, "percent_covered": 100.0, "percent_covered_display": "100", "missing_lines": 0, "excluded_lines": 0, "percent_statements_covered": 100.0, "percent_statements_covered_display": "100"}, "missing_lines": [], "excluded_lines": []}, "GeminiAgent._store_local_cache": {"executed_lines": [330], "summary": {"covered_lines": 1, "num_statements": 1, "percent_covered": 100.0, "percent_covered_display": "100", "missing_lines": 0, "excluded_lines": 0, "percent_statements_covered": 100.0, "percent_statements_covered_display": "100"}, "missing_lines": [], "excluded_lines": []}, "GeminiAgent._create_generative_model": {"executed_lines": [351, 356, 357, 358, 360, 362, 363, 369, 375, 376, 377, 378, 379, 380], "summary": {"covered_lines": 14, "num_statements": 14, "percent_covered": 100.0, "percent_covered_display": "100", "missing_lines": 0, "excluded_lines": 0, "percent_statements_covered": 100.0, "percent_statements_covered_display": "100"}, "missing_lines": [], "excluded_lines": []}, "GeminiAgent.create_context_cache": {"executed_lines": [386, 387, 388, 392, 393], "summary": {"covered_lines": 5, "num_statements": 6, "percent_covered": 83.33333333333333, "percent_covered_display": "83", "missing_lines": 1, "excluded_lines": 0, "percent_statements_covered": 83.33333333333333, "percent_statements_covered_display": "83"}, "missing_lines": [389], "excluded_lines": []}, "GeminiAgent._call_api_with_retry": {"executed_lines": [399], "summary": {"covered_lines": 1, "num_statements": 1, "percent_covered": 100.0, "percent_covered_display": "100", "missing_lines": 0, "excluded_lines": 0, "percent_statements_covered": 100.0, "percent_statements_covered_display": "100"}, "missing_lines": [], "excluded_lines": []}, "GeminiAgent._execute_api_call": {"executed_lines": [403], "summary": {"covered_lines": 1, "num_statements": 1, "percent_covered": 100.0, "percent_covered_display": "100", "missing_lines": 0, "excluded_lines": 0, "percent_statements_covered": 100.0, "percent_statements_covered_display": "100"}, "missing_lines": [], "excluded_lines": []}, "GeminiAgent.generate_query": {"executed_lines": [450], "summary": {"covered_lines": 1, "num_statements": 1, "percent_covered": 100.0, "percent_covered_display": "100", "missing_lines": 0, "excluded_lines": 0, "percent_statements_covered": 100.0, "percent_statements_covered_display": "100"}, "missing_lines": [], "excluded_lines": []}, "GeminiAgent.evaluate_responses": {"executed_lines": [510], "summary": {"covered_lines": 1, "num_statements": 1, "percent_covered": 100.0, "percent_covered_display": "100", "missing_lines": 0, "excluded_lines": 0, "percent_statements_covered": 100.0, "percent_statements_covered_display": "100"}, "missing_lines": [], "excluded_lines": []}, "GeminiAgent.rewrite_best_answer": {"executed_lines": [561], "summary": {"covered_lines": 1, "num_statements": 1, "percent_covered": 100.0, "percent_covered_display": "100", "missing_lines": 0, "excluded_lines": 0, "percent_statements_covered": 100.0, "percent_statements_covered_display": "100"}, "missing_lines": [], "excluded_lines": []}, "GeminiAgent.get_total_cost": {"executed_lines": [574], "summary": {"covered_lines": 1, "num_statements": 1, "percent_covered": 100.0, "percent_covered_display": "100", "missing_lines": 0, "excluded_lines": 0, "percent_statements_covered": 100.0, "percent_statements_covered_display": "100"}, "missing_lines": [], "excluded_lines": []}, "GeminiAgent.get_budget_usage_percent": {"executed_lines": [578], "summary": {"covered_lines": 1, "num_statements": 1, "percent_covered": 100.0, "percent_covered_display": "100", "missing_lines": 0, "excluded_lines": 0, "percent_statements_covered": 100.0, "percent_statements_covered_display": "100"}, "missing_lines": [], "excluded_lines": []}, "GeminiAgent.check_budget": {"executed_lines": [582], "summary": {"covered_lines": 1, "num_statements": 1, "percent_covered": 100.0, "percent_covered_display": "100", "missing_lines": 0, "excluded_lines": 0, "percent_statements_covered": 100.0, "percent_statements_covered_display": "100"}, "missing_lines": [], "excluded_lines": []}, "GeminiAgent.generate_stream": {"executed_lines": [607, 611, 612, 619, 620, 621, 622, 627, 628], "summary": {"covered_lines": 9, "num_statements": 12, "percent_covered": 75.0, "percent_covered_display": "75", "missing_lines": 3, "excluded_lines": 0, "percent_statements_covered": 75.0, "percent_statements_covered_display": "75"}, "missing_lines": [624, 625, 626], "excluded_lines": []}, "__getattr__": {"executed_lines": [643, 648], "summary": {"covered_lines": 2, "num_statements": 5, "percent_covered": 40.0, "percent_covered_display": "40", "missing_lines": 3, "excluded_lines": 0, "percent_statements_covered": 40.0, "percent_statements_covered_display": "40"}, "missing_lines": [644, 646, 647], "excluded_lines": []}, "": {"executed_lines": [2, 31, 33, 34, 35, 36, 47, 48, 49, 56, 57, 61, 62, 63, 65, 66, 67, 68, 69, 70, 71, 77, 84, 92, 93, 105, 193, 194, 198, 199, 203, 204, 208, 209, 213, 214, 218, 219, 223, 224, 228, 229, 233, 234, 240, 241, 246, 247, 256, 257, 262, 272, 273, 278, 279, 284, 298, 306, 310, 314, 320, 334, 384, 397, 401, 407, 408, 462, 470, 471, 521, 572, 576, 580, 586, 631], "summary": {"covered_lines": 73, "num_statements": 73, "percent_covered": 100.0, "percent_covered_display": "100", "missing_lines": 0, "excluded_lines": 4, "percent_statements_covered": 100.0, "percent_statements_covered_display": "100"}, "missing_lines": [], "excluded_lines": [77, 78, 80, 81]}}, "classes": {"GeminiAgent": {"executed_lines": [121, 122, 125, 126, 129, 130, 131, 133, 134, 135, 137, 140, 141, 142, 143, 144, 147, 150, 151, 152, 153, 154, 155, 156, 159, 160, 162, 163, 164, 167, 168, 170, 178, 179, 180, 186, 196, 201, 206, 211, 216, 226, 242, 244, 248, 249, 250, 251, 253, 254, 258, 260, 264, 265, 266, 270, 274, 276, 280, 282, 285, 286, 308, 312, 316, 330, 351, 356, 357, 358, 360, 362, 363, 369, 375, 376, 377, 378, 379, 380, 386, 387, 388, 392, 393, 399, 403, 450, 510, 561, 574, 578, 582, 607, 611, 612, 619, 620, 621, 622, 627, 628], "summary": {"covered_lines": 102, "num_statements": 115, "percent_covered": 88.69565217391305, "percent_covered_display": "89", "missing_lines": 13, "excluded_lines": 0, "percent_statements_covered": 88.69565217391305, "percent_statements_covered_display": "89"}, "missing_lines": [127, 181, 221, 231, 236, 267, 268, 269, 304, 389, 624, 625, 626], "excluded_lines": []}, "": {"executed_lines": [2, 31, 33, 34, 35, 36, 47, 48, 49, 56, 57, 61, 62, 63, 65, 66, 67, 68, 69, 70, 71, 77, 84, 86, 87, 88, 92, 93, 105, 193, 194, 198, 199, 203, 204, 208, 209, 213, 214, 218, 219, 223, 224, 228, 229, 233, 234, 240, 241, 246, 247, 256, 257, 262, 272, 273, 278, 279, 284, 298, 306, 310, 314, 320, 334, 384, 397, 401, 407, 408, 462, 470, 471, 521, 572, 576, 580, 586, 631, 643, 648], "summary": {"covered_lines": 78, "num_statements": 82, "percent_covered": 95.1219512195122, "percent_covered_display": "95", "missing_lines": 4, "excluded_lines": 4, "percent_statements_covered": 95.1219512195122, "percent_statements_covered_display": "95"}, "missing_lines": [89, 644, 646, 647], "excluded_lines": [77, 78, 80, 81]}}}, "src/agent/cost_tracker.py": {"executed_lines": [2, 7, 9, 10, 11, 13, 14, 16, 20, 22, 23, 24, 28, 30, 31, 34, 37, 38, 43, 49, 50, 51, 52, 53, 54, 56, 57, 59, 61, 62, 64, 66, 73, 74, 77, 81, 92, 93, 94, 95, 96, 98, 99, 100, 101, 102, 103, 104, 106, 112, 113, 114, 116, 122, 124, 126, 134, 136, 137, 139, 140, 141, 145, 150, 152, 153], "summary": {"covered_lines": 63, "num_statements": 70, "percent_covered": 90.0, "percent_covered_display": "90", "missing_lines": 7, "excluded_lines": 2, "percent_statements_covered": 90.0, "percent_statements_covered_display": "90"}, "missing_lines": [25, 32, 33, 79, 107, 123, 135], "excluded_lines": [16, 17], "functions": {"_get_pricing_tiers": {"executed_lines": [22, 23, 24], "summary": {"covered_lines": 3, "num_statements": 4, "percent_covered": 75.0, "percent_covered_display": "75", "missing_lines": 1, "excluded_lines": 0, "percent_statements_covered": 75.0, "percent_statements_covered_display": "75"}, "missing_lines": [25], "excluded_lines": []}, "_get_budget_warning_thresholds": {"executed_lines": [30, 31, 34], "summary": {"covered_lines": 3, "num_statements": 5, "percent_covered": 60.0, "percent_covered_display": "60", "missing_lines": 2, "excluded_lines": 0, "percent_statements_covered": 60.0, "percent_statements_covered_display": "60"}, "missing_lines": [32, 33], "excluded_lines": []}, "CostTracker.__init__": {"executed_lines": [49, 50, 51, 52, 53, 54], "summary": {"covered_lines": 6, "num_statements": 6, "percent_covered": 100.0, "percent_covered_display": "100", "missing_lines": 0, "excluded_lines": 0, "percent_statements_covered": 100.0, "percent_statements_covered_display": "100"}, "missing_lines": [], "excluded_lines": []}, "CostTracker.model_name": {"executed_lines": [64], "summary": {"covered_lines": 1, "num_statements": 1, "percent_covered": 100.0, "percent_covered_display": "100", "missing_lines": 0, "excluded_lines": 0, "percent_statements_covered": 100.0, "percent_statements_covered_display": "100"}, "missing_lines": [], "excluded_lines": []}, "CostTracker.add_tokens": {"executed_lines": [73, 74], "summary": {"covered_lines": 2, "num_statements": 2, "percent_covered": 100.0, "percent_covered_display": "100", "missing_lines": 0, "excluded_lines": 0, "percent_statements_covered": 100.0, "percent_statements_covered_display": "100"}, "missing_lines": [], "excluded_lines": []}, "CostTracker.record_usage": {"executed_lines": [], "summary": {"covered_lines": 0, "num_statements": 1, "percent_covered": 0.0, "percent_covered_display": "0", "missing_lines": 1, "excluded_lines": 0, "percent_statements_covered": 0.0, "percent_statements_covered_display": "0"}, "missing_lines": [79], "excluded_lines": []}, "CostTracker.get_total_cost": {"executed_lines": [92, 93, 94, 95, 96, 98, 99, 100, 101, 102, 103, 104, 106, 112, 113, 114], "summary": {"covered_lines": 16, "num_statements": 17, "percent_covered": 94.11764705882354, "percent_covered_display": "94", "missing_lines": 1, "excluded_lines": 0, "percent_statements_covered": 94.11764705882354, "percent_statements_covered_display": "94"}, "missing_lines": [107], "excluded_lines": []}, "CostTracker.get_budget_usage_percent": {"executed_lines": [122, 124], "summary": {"covered_lines": 2, "num_statements": 3, "percent_covered": 66.66666666666667, "percent_covered_display": "67", "missing_lines": 1, "excluded_lines": 0, "percent_statements_covered": 66.66666666666667, "percent_statements_covered_display": "67"}, "missing_lines": [123], "excluded_lines": []}, "CostTracker.check_budget": {"executed_lines": [134, 136, 137, 139, 140, 141, 145, 150, 152, 153], "summary": {"covered_lines": 10, "num_statements": 11, "percent_covered": 90.9090909090909, "percent_covered_display": "91", "missing_lines": 1, "excluded_lines": 0, "percent_statements_covered": 90.9090909090909, "percent_statements_covered_display": "91"}, "missing_lines": [135], "excluded_lines": []}, "": {"executed_lines": [2, 7, 9, 10, 11, 13, 14, 16, 20, 28, 37, 38, 43, 56, 57, 61, 62, 66, 77, 81, 116, 126], "summary": {"covered_lines": 19, "num_statements": 19, "percent_covered": 100.0, "percent_covered_display": "100", "missing_lines": 0, "excluded_lines": 2, "percent_statements_covered": 100.0, "percent_statements_covered_display": "100"}, "missing_lines": [], "excluded_lines": [16, 17]}}, "classes": {"CostTracker": {"executed_lines": [49, 50, 51, 52, 53, 54, 59, 64, 73, 74, 92, 93, 94, 95, 96, 98, 99, 100, 101, 102, 103, 104, 106, 112, 113, 114, 122, 124, 134, 136, 137, 139, 140, 141, 145, 150, 152, 153], "summary": {"covered_lines": 38, "num_statements": 42, "percent_covered": 90.47619047619048, "percent_covered_display": "90", "missing_lines": 4, "excluded_lines": 0, "percent_statements_covered": 90.47619047619048, "percent_statements_covered_display": "90"}, "missing_lines": [79, 107, 123, 135], "excluded_lines": []}, "": {"executed_lines": [2, 7, 9, 10, 11, 13, 14, 16, 20, 22, 23, 24, 28, 30, 31, 34, 37, 38, 43, 56, 57, 61, 62, 66, 77, 81, 116, 126], "summary": {"covered_lines": 25, "num_statements": 28, "percent_covered": 89.28571428571429, "percent_covered_display": "89", "missing_lines": 3, "excluded_lines": 2, "percent_statements_covered": 89.28571428571429, "percent_statements_covered_display": "89"}, "missing_lines": [25, 32, 33], "excluded_lines": [16, 17]}}}, "src/agent/rate_limiter.py": {"executed_lines": [2, 8, 10, 11, 12, 14, 16, 20, 21, 27, 33, 34, 35, 36, 38, 39, 40, 42, 45, 50, 51, 52, 54, 55, 57, 59, 60, 64, 65, 67, 69, 70, 74, 80, 86, 87], "summary": {"covered_lines": 32, "num_statements": 38, "percent_covered": 84.21052631578948, "percent_covered_display": "84", "missing_lines": 6, "excluded_lines": 2, "percent_statements_covered": 84.21052631578948, "percent_statements_covered_display": "84"}, "missing_lines": [62, 72, 76, 77, 78, 82], "excluded_lines": [16, 17], "functions": {"RateLimiter.__init__": {"executed_lines": [33, 34, 35, 36], "summary": {"covered_lines": 4, "num_statements": 4, "percent_covered": 100.0, "percent_covered_display": "100", "missing_lines": 0, "excluded_lines": 0, "percent_statements_covered": 100.0, "percent_statements_covered_display": "100"}, "missing_lines": [], "excluded_lines": []}, "RateLimiter._init_rate_limiter": {"executed_lines": [39, 40, 42, 45, 50, 51, 52], "summary": {"covered_lines": 7, "num_statements": 7, "percent_covered": 100.0, "percent_covered_display": "100", "missing_lines": 0, "excluded_lines": 0, "percent_statements_covered": 100.0, "percent_statements_covered_display": "100"}, "missing_lines": [], "excluded_lines": []}, "RateLimiter.semaphore": {"executed_lines": [], "summary": {"covered_lines": 0, "num_statements": 1, "percent_covered": 0.0, "percent_covered_display": "0", "missing_lines": 1, "excluded_lines": 0, "percent_statements_covered": 0.0, "percent_statements_covered_display": "0"}, "missing_lines": [62], "excluded_lines": []}, "RateLimiter.limiter": {"executed_lines": [], "summary": {"covered_lines": 0, "num_statements": 1, "percent_covered": 0.0, "percent_covered_display": "0", "missing_lines": 1, "excluded_lines": 0, "percent_statements_covered": 0.0, "percent_statements_covered_display": "0"}, "missing_lines": [72], "excluded_lines": []}, "RateLimiter.acquire": {"executed_lines": [], "summary": {"covered_lines": 0, "num_statements": 3, "percent_covered": 0.0, "percent_covered_display": "0", "missing_lines": 3, "excluded_lines": 0, "percent_statements_covered": 0.0, "percent_statements_covered_display": "0"}, "missing_lines": [76, 77, 78], "excluded_lines": []}, "RateLimiter.release": {"executed_lines": [], "summary": {"covered_lines": 0, "num_statements": 1, "percent_covered": 0.0, "percent_covered_display": "0", "missing_lines": 1, "excluded_lines": 0, "percent_statements_covered": 0.0, "percent_statements_covered_display": "0"}, "missing_lines": [82], "excluded_lines": []}, "": {"executed_lines": [2, 8, 10, 11, 12, 14, 16, 20, 21, 27, 38, 54, 55, 59, 60, 64, 65, 69, 70, 74, 80, 86, 87], "summary": {"covered_lines": 19, "num_statements": 19, "percent_covered": 100.0, "percent_covered_display": "100", "missing_lines": 0, "excluded_lines": 2, "percent_statements_covered": 100.0, "percent_statements_covered_display": "100"}, "missing_lines": [], "excluded_lines": [16, 17]}}, "classes": {"RateLimiter": {"executed_lines": [33, 34, 35, 36, 39, 40, 42, 45, 50, 51, 52, 57, 67], "summary": {"covered_lines": 13, "num_statements": 19, "percent_covered": 68.42105263157895, "percent_covered_display": "68", "missing_lines": 6, "excluded_lines": 0, "percent_statements_covered": 68.42105263157895, "percent_statements_covered_display": "68"}, "missing_lines": [62, 72, 76, 77, 78, 82], "excluded_lines": []}, "RateLimitManager": {"executed_lines": [], "summary": {"covered_lines": 0, "num_statements": 0, "percent_covered": 100.0, "percent_covered_display": "100", "missing_lines": 0, "excluded_lines": 0, "percent_statements_covered": 100.0, "percent_statements_covered_display": "100"}, "missing_lines": [], "excluded_lines": []}, "": {"executed_lines": [2, 8, 10, 11, 12, 14, 16, 20, 21, 27, 38, 54, 55, 59, 60, 64, 65, 69, 70, 74, 80, 86, 87], "summary": {"covered_lines": 19, "num_statements": 19, "percent_covered": 100.0, "percent_covered_display": "100", "missing_lines": 0, "excluded_lines": 2, "percent_statements_covered": 100.0, "percent_statements_covered_display": "100"}, "missing_lines": [], "excluded_lines": [16, 17]}}}, "src/agent/retry_handler.py": {"executed_lines": [1, 3, 5, 6, 8, 15, 17, 21, 22, 24, 26, 28, 30, 31, 39, 40, 41, 42, 45, 47, 48, 50, 51, 52, 54, 56, 57, 58, 59, 60, 61, 62, 63, 64, 65, 66, 67, 68, 69, 70, 71, 72, 74, 84, 85, 86, 87, 88, 89, 98, 99, 102], "summary": {"covered_lines": 49, "num_statements": 50, "percent_covered": 98.0, "percent_covered_display": "98", "missing_lines": 1, "excluded_lines": 2, "percent_statements_covered": 98.0, "percent_statements_covered_display": "98"}, "missing_lines": [53], "excluded_lines": [17, 18], "functions": {"RetryHandler.__init__": {"executed_lines": [26], "summary": {"covered_lines": 1, "num_statements": 1, "percent_covered": 100.0, "percent_covered_display": "100", "missing_lines": 0, "excluded_lines": 0, "percent_statements_covered": 100.0, "percent_statements_covered_display": "100"}, "missing_lines": [], "excluded_lines": []}, "RetryHandler.call": {"executed_lines": [30, 31, 39, 47, 74, 84, 85, 86, 87, 88, 89, 98, 99, 102], "summary": {"covered_lines": 14, "num_statements": 14, "percent_covered": 100.0, "percent_covered_display": "100", "missing_lines": 0, "excluded_lines": 0, "percent_statements_covered": 100.0, "percent_statements_covered_display": "100"}, "missing_lines": [], "excluded_lines": []}, "RetryHandler.call._adaptive_backoff": {"executed_lines": [40, 41, 42, 45], "summary": {"covered_lines": 4, "num_statements": 4, "percent_covered": 100.0, "percent_covered_display": "100", "missing_lines": 0, "excluded_lines": 0, "percent_statements_covered": 100.0, "percent_statements_covered_display": "100"}, "missing_lines": [], "excluded_lines": []}, "RetryHandler.call._execute_with_retry_raw": {"executed_lines": [48, 56, 57, 58, 59, 60, 61, 62, 63, 64, 65, 66, 67, 68, 69, 70, 71, 72], "summary": {"covered_lines": 18, "num_statements": 18, "percent_covered": 100.0, "percent_covered_display": "100", "missing_lines": 0, "excluded_lines": 0, "percent_statements_covered": 100.0, "percent_statements_covered_display": "100"}, "missing_lines": [], "excluded_lines": []}, "RetryHandler.call._execute_with_retry_raw._get_retry_attempt": {"executed_lines": [50, 51, 52, 54], "summary": {"covered_lines": 4, "num_statements": 5, "percent_covered": 80.0, "percent_covered_display": "80", "missing_lines": 1, "excluded_lines": 0, "percent_statements_covered": 80.0, "percent_statements_covered_display": "80"}, "missing_lines": [53], "excluded_lines": []}, "": {"executed_lines": [1, 3, 5, 6, 8, 15, 17, 21, 22, 24, 28], "summary": {"covered_lines": 8, "num_statements": 8, "percent_covered": 100.0, "percent_covered_display": "100", "missing_lines": 0, "excluded_lines": 2, "percent_statements_covered": 100.0, "percent_statements_covered_display": "100"}, "missing_lines": [], "excluded_lines": [17, 18]}}, "classes": {"RetryHandler": {"executed_lines": [26, 30, 31, 39, 40, 41, 42, 45, 47, 48, 50, 51, 52, 54, 56, 57, 58, 59, 60, 61, 62, 63, 64, 65, 66, 67, 68, 69, 70, 71, 72, 74, 84, 85, 86, 87, 88, 89, 98, 99, 102], "summary": {"covered_lines": 41, "num_statements": 42, "percent_covered": 97.61904761904762, "percent_covered_display": "98", "missing_lines": 1, "excluded_lines": 0, "percent_statements_covered": 97.61904761904762, "percent_statements_covered_display": "98"}, "missing_lines": [53], "excluded_lines": []}, "": {"executed_lines": [1, 3, 5, 6, 8, 15, 17, 21, 22, 24, 28], "summary": {"covered_lines": 8, "num_statements": 8, "percent_covered": 100.0, "percent_covered_display": "100", "missing_lines": 0, "excluded_lines": 2, "percent_statements_covered": 100.0, "percent_statements_covered_display": "100"}, "missing_lines": [], "excluded_lines": [17, 18]}}}, "src/agent/services.py": {"executed_lines": [1, 3, 5, 6, 8, 10, 11, 12, 14, 21, 22, 24, 26, 28, 39, 40, 41, 42, 43, 45, 49, 50, 51, 52, 53, 55, 56, 57, 58, 61, 62, 64, 66, 73, 74, 75, 76, 80, 81, 82, 83, 87, 88, 89, 90, 95, 96, 110, 111, 112, 113, 129, 133, 135, 136, 137, 138, 139, 142, 144, 145, 146, 147, 149, 150, 151, 152, 153, 158, 159, 160, 165, 171, 172, 174, 176, 178, 188, 189, 190, 191, 193, 199, 200, 201, 202, 203, 204, 206, 207, 208, 209, 210, 211, 212, 213, 214, 216, 217, 218, 219, 223, 224, 225, 230, 231, 232, 234, 240, 242, 243, 246, 247, 248, 253, 254, 255, 256, 257, 258, 259, 260, 261, 266, 276, 277, 279, 281, 283, 293, 294, 295, 296, 298, 299, 301, 302, 303, 304, 305, 307, 309, 310, 311, 313, 315, 316, 317, 319, 321, 323, 324, 325, 326, 331, 332, 333, 341, 342, 346, 347, 348, 352, 354, 363, 364, 365, 374, 375, 376, 382, 386, 388, 389, 390, 391, 392, 397, 399, 400, 402], "summary": {"covered_lines": 176, "num_statements": 202, "percent_covered": 87.12871287128714, "percent_covered_display": "87", "missing_lines": 26, "excluded_lines": 4, "percent_statements_covered": 87.12871287128714, "percent_statements_covered_display": "87"}, "missing_lines": [77, 78, 84, 85, 97, 105, 106, 107, 108, 121, 122, 123, 166, 167, 168, 220, 221, 251, 267, 268, 273, 343, 344, 349, 350, 395], "excluded_lines": [14, 15, 17, 18], "functions": {"QueryGeneratorService.__init__": {"executed_lines": [26], "summary": {"covered_lines": 1, "num_statements": 1, "percent_covered": 100.0, "percent_covered_display": "100", "missing_lines": 0, "excluded_lines": 0, "percent_statements_covered": 100.0, "percent_statements_covered_display": "100"}, "missing_lines": [], "excluded_lines": []}, "QueryGeneratorService.generate_query": {"executed_lines": [39, 40, 41, 42, 43, 45, 49, 50, 51, 52, 53, 55, 56, 57, 58, 61, 62, 64, 66, 73, 74, 75, 76, 80, 81, 82, 83, 87, 88, 89, 90, 95, 96, 110, 111, 112, 113, 129, 133, 135, 136, 137, 138, 139, 142, 144, 145, 146, 147, 149, 150, 151, 152, 153, 158, 159, 160, 165], "summary": {"covered_lines": 58, "num_statements": 73, "percent_covered": 79.45205479452055, "percent_covered_display": "79", "missing_lines": 15, "excluded_lines": 0, "percent_statements_covered": 79.45205479452055, "percent_statements_covered_display": "79"}, "missing_lines": [77, 78, 84, 85, 97, 105, 106, 107, 108, 121, 122, 123, 166, 167, 168], "excluded_lines": []}, "ResponseEvaluatorService.__init__": {"executed_lines": [176], "summary": {"covered_lines": 1, "num_statements": 1, "percent_covered": 100.0, "percent_covered_display": "100", "missing_lines": 0, "excluded_lines": 0, "percent_statements_covered": 100.0, "percent_statements_covered_display": "100"}, "missing_lines": [], "excluded_lines": []}, "ResponseEvaluatorService.evaluate_responses": {"executed_lines": [188, 189, 190, 191, 193, 199, 200, 201, 202, 203, 204, 206, 207, 208, 209, 210, 211, 212, 213, 214, 216, 217, 218, 219, 223, 224, 225, 230, 231, 232, 234, 240, 242, 243, 246, 247, 248, 253, 254, 255, 256, 257, 258, 259, 260, 261, 266], "summary": {"covered_lines": 47, "num_statements": 53, "percent_covered": 88.67924528301887, "percent_covered_display": "89", "missing_lines": 6, "excluded_lines": 0, "percent_statements_covered": 88.67924528301887, "percent_statements_covered_display": "89"}, "missing_lines": [220, 221, 251, 267, 268, 273], "excluded_lines": []}, "RewriterService.__init__": {"executed_lines": [281], "summary": {"covered_lines": 1, "num_statements": 1, "percent_covered": 100.0, "percent_covered_display": "100", "missing_lines": 0, "excluded_lines": 0, "percent_statements_covered": 100.0, "percent_statements_covered_display": "100"}, "missing_lines": [], "excluded_lines": []}, "RewriterService.rewrite_best_answer": {"executed_lines": [293, 294, 295, 296, 298, 299, 301, 302, 303, 304, 305, 307, 309, 310, 311, 313, 315, 316, 317, 319, 321, 323, 324, 325, 326, 331, 332, 333, 341, 342, 346, 347, 348, 352, 354, 363, 364, 365, 374, 375, 376, 382, 386, 388, 389, 390, 391, 392, 397, 399, 400, 402], "summary": {"covered_lines": 52, "num_statements": 57, "percent_covered": 91.2280701754386, "percent_covered_display": "91", "missing_lines": 5, "excluded_lines": 0, "percent_statements_covered": 91.2280701754386, "percent_statements_covered_display": "91"}, "missing_lines": [343, 344, 349, 350, 395], "excluded_lines": []}, "": {"executed_lines": [1, 3, 5, 6, 8, 10, 11, 12, 14, 21, 22, 24, 28, 171, 172, 174, 178, 276, 277, 279, 283], "summary": {"covered_lines": 16, "num_statements": 16, "percent_covered": 100.0, "percent_covered_display": "100", "missing_lines": 0, "excluded_lines": 4, "percent_statements_covered": 100.0, "percent_statements_covered_display": "100"}, "missing_lines": [], "excluded_lines": [14, 15, 17, 18]}}, "classes": {"QueryGeneratorService": {"executed_lines": [26, 39, 40, 41, 42, 43, 45, 49, 50, 51, 52, 53, 55, 56, 57, 58, 61, 62, 64, 66, 73, 74, 75, 76, 80, 81, 82, 83, 87, 88, 89, 90, 95, 96, 110, 111, 112, 113, 129, 133, 135, 136, 137, 138, 139, 142, 144, 145, 146, 147, 149, 150, 151, 152, 153, 158, 159, 160, 165], "summary": {"covered_lines": 59, "num_statements": 74, "percent_covered": 79.72972972972973, "percent_covered_display": "80", "missing_lines": 15, "excluded_lines": 0, "percent_statements_covered": 79.72972972972973, "percent_statements_covered_display": "80"}, "missing_lines": [77, 78, 84, 85, 97, 105, 106, 107, 108, 121, 122, 123, 166, 167, 168], "excluded_lines": []}, "ResponseEvaluatorService": {"executed_lines": [176, 188, 189, 190, 191, 193, 199, 200, 201, 202, 203, 204, 206, 207, 208, 209, 210, 211, 212, 213, 214, 216, 217, 218, 219, 223, 224, 225, 230, 231, 232, 234, 240, 242, 243, 246, 247, 248, 253, 254, 255, 256, 257, 258, 259, 260, 261, 266], "summary": {"covered_lines": 48, "num_statements": 54, "percent_covered": 88.88888888888889, "percent_covered_display": "89", "missing_lines": 6, "excluded_lines": 0, "percent_statements_covered": 88.88888888888889, "percent_statements_covered_display": "89"}, "missing_lines": [220, 221, 251, 267, 268, 273], "excluded_lines": []}, "RewriterService": {"executed_lines": [281, 293, 294, 295, 296, 298, 299, 301, 302, 303, 304, 305, 307, 309, 310, 311, 313, 315, 316, 317, 319, 321, 323, 324, 325, 326, 331, 332, 333, 341, 342, 346, 347, 348, 352, 354, 363, 364, 365, 374, 375, 376, 382, 386, 388, 389, 390, 391, 392, 397, 399, 400, 402], "summary": {"covered_lines": 53, "num_statements": 58, "percent_covered": 91.37931034482759, "percent_covered_display": "91", "missing_lines": 5, "excluded_lines": 0, "percent_statements_covered": 91.37931034482759, "percent_statements_covered_display": "91"}, "missing_lines": [343, 344, 349, 350, 395], "excluded_lines": []}, "": {"executed_lines": [1, 3, 5, 6, 8, 10, 11, 12, 14, 21, 22, 24, 28, 171, 172, 174, 178, 276, 277, 279, 283], "summary": {"covered_lines": 16, "num_statements": 16, "percent_covered": 100.0, "percent_covered_display": "100", "missing_lines": 0, "excluded_lines": 4, "percent_statements_covered": 100.0, "percent_statements_covered_display": "100"}, "missing_lines": [], "excluded_lines": [14, 15, 17, 18]}}}, "src/analysis/__init__.py": {"executed_lines": [1, 3, 5, 7, 11, 13, 14, 16, 19, 22], "summary": {"covered_lines": 8, "num_statements": 8, "percent_covered": 100.0, "percent_covered_display": "100", "missing_lines": 0, "excluded_lines": 2, "percent_statements_covered": 100.0, "percent_statements_covered_display": "100"}, "missing_lines": [], "excluded_lines": [7, 8], "functions": {"__getattr__": {"executed_lines": [13, 14, 16, 19], "summary": {"covered_lines": 4, "num_statements": 4, "percent_covered": 100.0, "percent_covered_display": "100", "missing_lines": 0, "excluded_lines": 0, "percent_statements_covered": 100.0, "percent_statements_covered_display": "100"}, "missing_lines": [], "excluded_lines": []}, "": {"executed_lines": [1, 3, 5, 7, 11, 22], "summary": {"covered_lines": 4, "num_statements": 4, "percent_covered": 100.0, "percent_covered_display": "100", "missing_lines": 0, "excluded_lines": 2, "percent_statements_covered": 100.0, "percent_statements_covered_display": "100"}, "missing_lines": [], "excluded_lines": [7, 8]}}, "classes": {"": {"executed_lines": [1, 3, 5, 7, 11, 13, 14, 16, 19, 22], "summary": {"covered_lines": 8, "num_statements": 8, "percent_covered": 100.0, "percent_covered_display": "100", "missing_lines": 0, "excluded_lines": 2, "percent_statements_covered": 100.0, "percent_statements_covered_display": "100"}, "missing_lines": [], "excluded_lines": [7, 8]}}}, "src/analysis/cross_validation.py": {"executed_lines": [1, 3, 4, 5, 6, 8, 10, 13, 14, 16, 22, 23, 25, 29, 36, 45, 47, 50, 51, 54, 55, 56, 58, 63, 67, 68, 69, 71, 72, 73, 74, 75, 76, 77, 78, 79, 81, 83, 84, 85, 86, 87, 94, 97, 98, 99, 104, 105, 108, 109, 110, 111, 113, 114, 115, 116, 118, 120, 122, 124, 127, 130, 132, 134, 136, 137, 138, 141, 144, 147, 154, 170, 171, 172, 173, 176, 179, 180, 181, 218, 220, 222, 225, 226, 228, 230, 233, 236, 239, 244, 245, 246, 247, 248, 250, 252, 254, 257, 258, 259, 260, 263, 268, 271, 272, 274, 278, 282, 283, 284, 285, 286, 287, 288, 289, 291, 293, 294, 297, 303, 304, 305, 306, 307, 308, 309, 310, 312, 313, 315, 317, 318, 319, 321, 322, 323, 324, 325, 326, 327, 329], "summary": {"covered_lines": 140, "num_statements": 161, "percent_covered": 86.95652173913044, "percent_covered_display": "87", "missing_lines": 21, "excluded_lines": 0, "percent_statements_covered": 86.95652173913044, "percent_statements_covered_display": "87"}, "missing_lines": [52, 100, 101, 102, 185, 187, 188, 203, 204, 205, 206, 207, 209, 212, 213, 214, 275, 276, 279, 295, 296], "excluded_lines": [], "functions": {"CrossValidationSystem.__init__": {"executed_lines": [22, 23], "summary": {"covered_lines": 2, "num_statements": 2, "percent_covered": 100.0, "percent_covered_display": "100", "missing_lines": 0, "excluded_lines": 0, "percent_statements_covered": 100.0, "percent_statements_covered_display": "100"}, "missing_lines": [], "excluded_lines": []}, "CrossValidationSystem.cross_validate_qa_pair": {"executed_lines": [29, 36, 45], "summary": {"covered_lines": 3, "num_statements": 3, "percent_covered": 100.0, "percent_covered_display": "100", "missing_lines": 0, "excluded_lines": 0, "percent_statements_covered": 100.0, "percent_statements_covered_display": "100"}, "missing_lines": [], "excluded_lines": []}, "CrossValidationSystem._check_qa_consistency": {"executed_lines": [50, 51, 54, 55, 56, 58], "summary": {"covered_lines": 6, "num_statements": 7, "percent_covered": 85.71428571428571, "percent_covered_display": "86", "missing_lines": 1, "excluded_lines": 0, "percent_statements_covered": 85.71428571428571, "percent_statements_covered_display": "86"}, "missing_lines": [52], "excluded_lines": []}, "CrossValidationSystem._check_image_grounding": {"executed_lines": [67, 68, 69, 71, 72, 73, 74, 75, 76, 77, 78, 79, 81, 83, 84, 85, 86, 87, 94, 97, 98, 99, 104, 105, 108, 109, 110, 111, 113, 114, 115, 116, 118], "summary": {"covered_lines": 33, "num_statements": 36, "percent_covered": 91.66666666666667, "percent_covered_display": "92", "missing_lines": 3, "excluded_lines": 0, "percent_statements_covered": 91.66666666666667, "percent_statements_covered_display": "92"}, "missing_lines": [100, 101, 102], "excluded_lines": []}, "CrossValidationSystem._check_temporal_expressions": {"executed_lines": [122, 124, 127, 130], "summary": {"covered_lines": 4, "num_statements": 4, "percent_covered": 100.0, "percent_covered_display": "100", "missing_lines": 0, "excluded_lines": 0, "percent_statements_covered": 100.0, "percent_statements_covered_display": "100"}, "missing_lines": [], "excluded_lines": []}, "CrossValidationSystem._check_repetition": {"executed_lines": [134, 136, 137, 138, 141, 144, 147, 154, 170, 171, 172, 173, 176, 179, 180, 181, 218], "summary": {"covered_lines": 17, "num_statements": 29, "percent_covered": 58.62068965517241, "percent_covered_display": "59", "missing_lines": 12, "excluded_lines": 0, "percent_statements_covered": 58.62068965517241, "percent_statements_covered_display": "59"}, "missing_lines": [185, 187, 188, 203, 204, 205, 206, 207, 209, 212, 213, 214], "excluded_lines": []}, "CrossValidationSystem._check_formatting_rules": {"executed_lines": [222, 225, 226, 228, 230, 233, 236, 239, 244, 245, 246, 247, 248, 250], "summary": {"covered_lines": 14, "num_statements": 14, "percent_covered": 100.0, "percent_covered_display": "100", "missing_lines": 0, "excluded_lines": 0, "percent_statements_covered": 100.0, "percent_statements_covered_display": "100"}, "missing_lines": [], "excluded_lines": []}, "CrossValidationSystem._check_rule_compliance": {"executed_lines": [254, 257, 258, 259, 260, 263, 268, 271, 272, 274, 278, 282, 283, 284, 285, 286, 287, 288, 289, 291, 293, 294, 297, 303, 304, 305, 306, 307, 308, 309, 310, 312, 313], "summary": {"covered_lines": 33, "num_statements": 38, "percent_covered": 86.84210526315789, "percent_covered_display": "87", "missing_lines": 5, "excluded_lines": 0, "percent_statements_covered": 86.84210526315789, "percent_statements_covered_display": "87"}, "missing_lines": [275, 276, 279, 295, 296], "excluded_lines": []}, "CrossValidationSystem._check_novelty": {"executed_lines": [317, 318, 319, 321, 322, 323, 324, 325, 326, 327, 329], "summary": {"covered_lines": 11, "num_statements": 11, "percent_covered": 100.0, "percent_covered_display": "100", "missing_lines": 0, "excluded_lines": 0, "percent_statements_covered": 100.0, "percent_statements_covered_display": "100"}, "missing_lines": [], "excluded_lines": []}, "": {"executed_lines": [1, 3, 4, 5, 6, 8, 10, 13, 14, 16, 25, 47, 63, 120, 132, 220, 252, 315], "summary": {"covered_lines": 17, "num_statements": 17, "percent_covered": 100.0, "percent_covered_display": "100", "missing_lines": 0, "excluded_lines": 0, "percent_statements_covered": 100.0, "percent_statements_covered_display": "100"}, "missing_lines": [], "excluded_lines": []}}, "classes": {"CrossValidationSystem": {"executed_lines": [22, 23, 29, 36, 45, 50, 51, 54, 55, 56, 58, 67, 68, 69, 71, 72, 73, 74, 75, 76, 77, 78, 79, 81, 83, 84, 85, 86, 87, 94, 97, 98, 99, 104, 105, 108, 109, 110, 111, 113, 114, 115, 116, 118, 122, 124, 127, 130, 134, 136, 137, 138, 141, 144, 147, 154, 170, 171, 172, 173, 176, 179, 180, 181, 218, 222, 225, 226, 228, 230, 233, 236, 239, 244, 245, 246, 247, 248, 250, 254, 257, 258, 259, 260, 263, 268, 271, 272, 274, 278, 282, 283, 284, 285, 286, 287, 288, 289, 291, 293, 294, 297, 303, 304, 305, 306, 307, 308, 309, 310, 312, 313, 317, 318, 319, 321, 322, 323, 324, 325, 326, 327, 329], "summary": {"covered_lines": 123, "num_statements": 144, "percent_covered": 85.41666666666667, "percent_covered_display": "85", "missing_lines": 21, "excluded_lines": 0, "percent_statements_covered": 85.41666666666667, "percent_statements_covered_display": "85"}, "missing_lines": [52, 100, 101, 102, 185, 187, 188, 203, 204, 205, 206, 207, 209, 212, 213, 214, 275, 276, 279, 295, 296], "excluded_lines": []}, "": {"executed_lines": [1, 3, 4, 5, 6, 8, 10, 13, 14, 16, 25, 47, 63, 120, 132, 220, 252, 315], "summary": {"covered_lines": 17, "num_statements": 17, "percent_covered": 100.0, "percent_covered_display": "100", "missing_lines": 0, "excluded_lines": 0, "percent_statements_covered": 100.0, "percent_statements_covered_display": "100"}, "missing_lines": [], "excluded_lines": []}}}, "src/analysis/document_compare.py": {"executed_lines": [1, 10, 12, 13, 15, 16, 17, 19, 22, 24, 33, 34, 35, 45, 50, 59, 60, 61, 64, 66, 67, 68, 69, 70, 75, 77, 78, 79, 80, 81, 82, 83, 84, 85, 87, 88, 89, 90, 91, 92, 98, 101], "summary": {"covered_lines": 41, "num_statements": 48, "percent_covered": 85.41666666666667, "percent_covered_display": "85", "missing_lines": 7, "excluded_lines": 0, "percent_statements_covered": 85.41666666666667, "percent_statements_covered_display": "85"}, "missing_lines": [71, 72, 73, 94, 95, 96, 102], "excluded_lines": [], "functions": {"compare_structure": {"executed_lines": [24, 33, 34, 35], "summary": {"covered_lines": 4, "num_statements": 4, "percent_covered": 100.0, "percent_covered_display": "100", "missing_lines": 0, "excluded_lines": 0, "percent_statements_covered": 100.0, "percent_statements_covered_display": "100"}, "missing_lines": [], "excluded_lines": []}, "find_common_content": {"executed_lines": [50, 59, 60, 61], "summary": {"covered_lines": 4, "num_statements": 4, "percent_covered": 100.0, "percent_covered_display": "100", "missing_lines": 0, "excluded_lines": 0, "percent_statements_covered": 100.0, "percent_statements_covered_display": "100"}, "missing_lines": [], "excluded_lines": []}, "main": {"executed_lines": [66, 67, 68, 69, 70, 75, 77, 78, 79, 80, 81, 82, 83, 84, 85, 87, 88, 89, 90, 91, 92, 98], "summary": {"covered_lines": 22, "num_statements": 28, "percent_covered": 78.57142857142857, "percent_covered_display": "79", "missing_lines": 6, "excluded_lines": 0, "percent_statements_covered": 78.57142857142857, "percent_statements_covered_display": "79"}, "missing_lines": [71, 72, 73, 94, 95, 96], "excluded_lines": []}, "": {"executed_lines": [1, 10, 12, 13, 15, 16, 17, 19, 22, 45, 64, 101], "summary": {"covered_lines": 11, "num_statements": 12, "percent_covered": 91.66666666666667, "percent_covered_display": "92", "missing_lines": 1, "excluded_lines": 0, "percent_statements_covered": 91.66666666666667, "percent_statements_covered_display": "92"}, "missing_lines": [102], "excluded_lines": []}}, "classes": {"": {"executed_lines": [1, 10, 
[...]
12, 13, 14, 16, 17, 18, 19, 20, 21, 23, 24, 26, 28, 37, 38, 39, 40, 41, 46, 47, 49, 59, 60, 61, 63, 65, 67, 68, 69, 70, 71, 72, 75, 79, 85, 86, 87, 88, 90, 91, 92, 93, 94, 96, 99, 106, 107, 111, 112, 113, 114, 115, 116], "summary": {"covered_lines": 58, "num_statements": 60, "percent_covered": 96.66666666666667, "percent_covered_display": "97", "missing_lines": 2, "excluded_lines": 0, "percent_statements_covered": 96.66666666666667, "percent_statements_covered_display": "97"}, "missing_lines": [108, 109], "excluded_lines": [], "functions": {"MCTSNode.avg_reward": {"executed_lines": [26], "summary": {"covered_lines": 1, "num_statements": 1, "percent_covered": 100.0, "percent_covered_display": "100", "missing_lines": 0, "excluded_lines": 0, "percent_statements_covered": 100.0, "percent_statements_covered_display": "100"}, "missing_lines": [], "excluded_lines": []}, "MCTSNode.ucb1": {"executed_lines": [37, 38, 39, 40, 41], "summary": {"covered_lines": 5, "num_statements": 5, "percent_covered": 100.0, "percent_covered_display": "100", "missing_lines": 0, "excluded_lines": 0, "percent_statements_covered": 100.0, "percent_statements_covered_display": "100"}, "missing_lines": [], "excluded_lines": []}, "MCTSWorkflowOptimizer.__init__": {"executed_lines": [59, 60, 61], "summary": {"covered_lines": 3, "num_statements": 3, "percent_covered": 100.0, "percent_covered_display": "100", "missing_lines": 0, "excluded_lines": 0, "percent_statements_covered": 100.0, "percent_statements_covered_display": "100"}, "missing_lines": [], "excluded_lines": []}, "MCTSWorkflowOptimizer.optimize_workflow": {"executed_lines": [65, 67, 68, 69, 70, 71, 72, 75, 79], "summary": {"covered_lines": 9, "num_statements": 9, "percent_covered": 100.0, "percent_covered_display": "100", "missing_lines": 0, "excluded_lines": 0, "percent_statements_covered": 100.0, "percent_statements_covered_display": "100"}, "missing_lines": [], "excluded_lines": []}, "MCTSWorkflowOptimizer._select": {"executed_lines": [86, 87, 88], "summary": {"covered_lines": 3, "num_statements": 3, "percent_covered": 100.0, "percent_covered_display": "100", "missing_lines": 0, "excluded_lines": 0, "percent_statements_covered": 100.0, "percent_statements_covered_display": "100"}, "missing_lines": [], "excluded_lines": []}, "MCTSWorkflowOptimizer._expand": {"executed_lines": [91, 92, 93, 94], "summary": {"covered_lines": 4, "num_statements": 4, "percent_covered": 100.0, "percent_covered_display": "100", "missing_lines": 0, "excluded_lines": 0, "percent_statements_covered": 100.0, "percent_statements_covered_display": "100"}, "missing_lines": [], "excluded_lines": []}, "MCTSWorkflowOptimizer._simulate": {"executed_lines": [99, 106, 107], "summary": {"covered_lines": 3, "num_statements": 5, "percent_covered": 60.0, "percent_covered_display": "60", "missing_lines": 2, "excluded_lines": 0, "percent_statements_covered": 60.0, "percent_statements_covered_display": "60"}, "missing_lines": [108, 109], "excluded_lines": []}, "MCTSWorkflowOptimizer._backpropagate": {"executed_lines": [112, 113, 114, 115, 116], "summary": {"covered_lines": 5, "num_statements": 5, "percent_covered": 100.0, "percent_covered_display": "100", "missing_lines": 0, "excluded_lines": 0, "percent_statements_covered": 100.0, "percent_statements_covered_display": "100"}, "missing_lines": [], "excluded_lines": []}, "": {"executed_lines": [1, 2, 3, 4, 5, 7, 9, 12, 13, 14, 16, 17, 18, 19, 20, 21, 23, 24, 28, 46, 47, 49, 63, 85, 90, 96, 111], "summary": {"covered_lines": 25, "num_statements": 25, "percent_covered": 100.0, "percent_covered_display": "100", "missing_lines": 0, "excluded_lines": 0, "percent_statements_covered": 100.0, "percent_statements_covered_display": "100"}, "missing_lines": [], "excluded_lines": []}}, "classes": {"MCTSNode": {"executed_lines": [26, 37, 38, 39, 40, 41], "summary": {"covered_lines": 6, "num_statements": 6, "percent_covered": 100.0, "percent_covered_display": "100", "missing_lines": 0, "excluded_lines": 0, "percent_statements_covered": 100.0, "percent_statements_covered_display": "100"}, "missing_lines": [], "excluded_lines": []}, "MCTSWorkflowOptimizer": {"executed_lines": [59, 60, 61, 65, 67, 68, 69, 70, 71, 72, 75, 79, 86, 87, 88, 91, 92, 93, 94, 99, 106, 107, 112, 113, 114, 115, 116], "summary": {"covered_lines": 27, "num_statements": 29, "percent_covered": 93.10344827586206, "percent_covered_display": "93", "missing_lines": 2, "excluded_lines": 0, "percent_statements_covered": 93.10344827586206, "percent_statements_covered_display": "93"}, "missing_lines": [108, 109], "excluded_lines": []}, "": {"executed_lines": [1, 2, 3, 4, 5, 7, 9, 12, 13, 14, 16, 17, 18, 19, 20, 21, 23, 24, 28, 46, 47, 49, 63, 85, 90, 96, 111], "summary": {"covered_lines": 25, "num_statements": 25, "percent_covered": 100.0, "percent_covered_display": "100", "missing_lines": 0, "excluded_lines": 0, "percent_statements_covered": 100.0, "percent_statements_covered_display": "100"}, "missing_lines": [], "excluded_lines": []}}}, "src/workflow/processor.py": {"executed_lines": [1, 3, 5, 6, 7, 9, 11, 19, 25, 26, 27, 29, 32, 34, 35, 36, 38, 39, 41, 61, 62, 64, 67, 73, 75, 76, 79, 80, 81, 83, 84, 86, 87, 88, 90, 91, 94, 96, 107, 114, 116, 117, 122, 124, 126, 127, 128, 129, 132, 145, 146, 152, 154, 155, 156, 161, 162, 163, 164, 169, 170, 171, 172, 178], "summary": {"covered_lines": 63, "num_statements": 66, "percent_covered": 95.45454545454545, "percent_covered_display": "95", "missing_lines": 3, "excluded_lines": 0, "percent_statements_covered": 95.45454545454545, "percent_statements_covered_display": "95"}, "missing_lines": [157, 165, 173], "excluded_lines": [], "functions": {"save_result_to_file": {"executed_lines": [34, 35, 36, 38, 39, 41, 61, 62, 64], "summary": {"covered_lines": 9, "num_statements": 9, "percent_covered": 100.0, "percent_covered_display": "100", "missing_lines": 0, "excluded_lines": 0, "percent_statements_covered": 100.0, "percent_statements_covered_display": "100"}, "missing_lines": [], "excluded_lines": []}, "_evaluate_and_rewrite_turn": {"executed_lines": [73, 75, 76, 79, 80, 81, 83, 84, 86, 87, 88, 90, 91, 94, 96], "summary": {"covered_lines": 15, "num_statements": 15, "percent_covered": 100.0, "percent_covered_display": "100", "missing_lines": 0, "excluded_lines": 0, "percent_statements_covered": 100.0, "percent_statements_covered_display": "100"}, "missing_lines": [], "excluded_lines": []}, "process_single_query": {"executed_lines": [114, 116, 117, 122, 124, 126, 127, 128, 129, 132, 145, 146, 152, 154, 155, 156, 161, 162, 163, 164, 169, 170, 171, 172, 178], "summary": {"covered_lines": 25, "num_statements": 28, "percent_covered": 89.28571428571429, "percent_covered_display": "89", "missing_lines": 3, "excluded_lines": 0, "percent_statements_covered": 89.28571428571429, "percent_statements_covered_display": "89"}, "missing_lines": [157, 165, 173], "excluded_lines": []}, "": {"executed_lines": [1, 3, 5, 6, 7, 9, 11, 19, 25, 26, 27, 29, 32, 67, 107], "summary": {"covered_lines": 14, "num_statements": 14, "percent_covered": 100.0, "percent_covered_display": "100", "missing_lines": 0, "excluded_lines": 0, "percent_statements_covered": 100.0, "percent_statements_covered_display": "100"}, "missing_lines": [], "excluded_lines": []}}, "classes": {"": {"executed_lines": [1, 3, 5, 6, 7, 9, 11, 19, 25, 26, 27, 29, 32, 34, 35, 36, 38, 39, 41, 61, 62, 64, 67, 73, 75, 76, 79, 80, 81, 83, 84, 86, 87, 88, 90, 91, 94, 96, 107, 114, 116, 117, 122, 124, 126, 127, 128, 129, 132, 145, 146, 152, 154, 155, 156, 161, 162, 163, 164, 169, 170, 171, 172, 178], "summary": {"covered_lines": 63, "num_statements": 66, "percent_covered": 95.45454545454545, "percent_covered_display": "95", "missing_lines": 3, "excluded_lines": 0, "percent_statements_covered": 95.45454545454545, "percent_statements_covered_display": "95"}, "missing_lines": [157, 165, 173], "excluded_lines": []}}}, "src/workflow/workspace_executor.py": {"executed_lines": [1, 3, 5, 6, 7, 8, 9, 10, 18, 20, 27, 28, 29, 30, 31, 33, 36, 39, 40, 42, 43, 44, 45, 46, 47, 48, 51, 52, 53, 55, 56, 57, 58, 59, 60, 61, 64, 65, 66, 68, 69, 70, 71, 72, 75, 76, 81, 90, 91, 92, 93, 94, 97, 103, 109, 115, 125, 126, 127, 129, 133, 135, 138, 141, 148, 150, 153, 156, 157, 159, 167, 169, 171, 174, 181, 183, 186, 188, 196, 198, 200, 201, 203, 211, 213, 216, 221, 223, 231, 233, 236, 242, 244, 247, 249, 257, 259, 261, 266, 268, 276, 278, 281, 286, 289, 295, 297, 300, 302, 311, 319, 320, 329, 331, 332, 342, 344, 346, 347, 354, 356, 357, 358, 359, 360, 362, 364, 367, 368, 369, 371, 387, 390, 393, 394, 403, 406, 411, 414, 427, 435, 436, 439, 443, 445, 453, 454, 457, 485, 487, 489, 494, 496, 498, 499, 501, 503, 505, 506, 508, 511, 512, 514, 516, 517, 518, 519, 520, 521, 522], "summary": {"covered_lines": 164, "num_statements": 196, "percent_covered": 83.6734693877551, "percent_covered_display": "84", "missing_lines": 32, "excluded_lines": 5, "percent_statements_covered": 83.6734693877551, "percent_statements_covered_display": "84"}, "missing_lines": [151, 184, 245, 298, 340, 361, 372, 373, 378, 379, 380, 381, 382, 383, 384, 385, 395, 458, 460, 461, 463, 464, 466, 470, 471, 472, 479, 480, 481, 482, 483, 500], "excluded_lines": [20, 21, 22, 23, 24], "functions": {"WorkspaceExecutor.__init__": {"executed_lines": [90, 91, 92, 93, 94, 97], "summary": {"covered_lines": 6, "num_statements": 6, "percent_covered": 100.0, "percent_covered_display": "100", "missing_lines": 0, "excluded_lines": 0, "percent_statements_covered": 100.0, "percent_statements_covered_display": "100"}, "missing_lines": [], "excluded_lines": []}, "WorkspaceExecutor.execute": {"executed_lines": [109, 115, 125, 126, 127, 129], "summary": {"covered_lines": 6, "num_statements": 6, "percent_covered": 100.0, "percent_covered_display": "100", "missing_lines": 0, "excluded_lines": 0, "percent_statements_covered": 100.0, "percent_statements_covered_display": "100"}, "missing_lines": [], "excluded_lines": []}, "WorkspaceExecutor._handle_full_generation": {"executed_lines": [135, 138, 141, 148, 150, 153, 156, 157, 159], "summary": {"covered_lines": 9, "num_statements": 10, "percent_covered": 90.0, "percent_covered_display": "90", "missing_lines": 1, "excluded_lines": 0, "percent_statements_covered": 90.0, "percent_statements_covered_display": "90"}, "missing_lines": [151], "excluded_lines": []}, "WorkspaceExecutor._handle_query_generation": {"executed_lines": [169, 171, 174, 181, 183, 186, 188], "summary": {"covered_lines": 7, "num_statements": 8, "percent_covered": 87.5, "percent_covered_display": "88", "missing_lines": 1, "excluded_lines": 0, "percent_statements_covered": 87.5, "percent_statements_covered_display": "88"}, "missing_lines": [184], "excluded_lines": []}, "WorkspaceExecutor._handle_answer_generation": {"executed_lines": [198, 200, 201, 203], "summary": {"covered_lines": 4, "num_statements": 4, "percent_covered": 100.0, "percent_covered_display": "100", "missing_lines": 0, "excluded_lines": 0, "percent_statements_covered": 100.0, "percent_statements_covered_display": "100"}, "missing_lines": [], "excluded_lines": []}, "WorkspaceExecutor._handle_rewrite": {"executed_lines": [213, 216, 221, 223], "summary": {"covered_lines": 4, "num_statements": 4, "percent_covered": 100.0, "percent_covered_display": "100", "missing_lines": 0, "excluded_lines": 0, "percent_statements_covered": 100.0, "percent_statements_covered_display": "100"}, "missing_lines": [], "excluded_lines": []}, "WorkspaceExecutor._handle_edit_query": {"executed_lines": [233, 236, 242, 244, 247, 249], "summary": {"covered_lines": 6, "num_statements": 7, "percent_covered": 85.71428571428571, "percent_covered_display": "86", "missing_lines": 1, "excluded_lines": 0, "percent_statements_covered": 85.71428571428571, "percent_statements_covered_display": "86"}, "missing_lines": [245], "excluded_lines": []}, "WorkspaceExecutor._handle_edit_answer": {"executed_lines": [259, 261, 266, 268], "summary": {"covered_lines": 4, "num_statements": 4, "percent_covered": 100.0, "percent_covered_display": "100", "missing_lines": 0, "excluded_lines": 0, "percent_statements_covered": 100.0, "percent_statements_covered_display": "100"}, "missing_lines": [], "excluded_lines": []}, "WorkspaceExecutor._handle_edit_both": {"executed_lines": [278, 281, 286, 289, 295, 297, 300, 302], "summary": {"covered_lines": 8, "num_statements": 9, "percent_covered": 88.88888888888889, "percent_covered_display": "89", "missing_lines": 1, "excluded_lines": 0, "percent_statements_covered": 88.88888888888889, "percent_statements_covered_display": "89"}, "missing_lines": [298], "excluded_lines": []}, "WorkspaceExecutor._apply_edit": {"executed_lines": [319, 320, 329, 331, 332, 342], "summary": {"covered_lines": 6, "num_statements": 7, "percent_covered": 85.71428571428571, "percent_covered_display": "86", "missing_lines": 1, "excluded_lines": 0, "percent_statements_covered": 85.71428571428571, "percent_statements_covered_display": "86"}, "missing_lines": [340], "excluded_lines": []}, "WorkspaceExecutor._get_query_intent": {"executed_lines": [346, 347], "summary": {"covered_lines": 2, "num_statements": 2, "percent_covered": 100.0, "percent_covered_display": "100", "missing_lines": 0, "excluded_lines": 0, "percent_statements_covered": 100.0, "percent_statements_covered_display": "100"}, "missing_lines": [], "excluded_lines": []}, "WorkspaceExecutor._shorten_query": {"executed_lines": [356, 357, 358, 359, 360, 362], "summary": {"covered_lines": 6, "num_statements": 7, "percent_covered": 85.71428571428571, "percent_covered_display": "86", "missing_lines": 1, "excluded_lines": 0, "percent_statements_covered": 85.71428571428571, "percent_statements_covered_display": "86"}, "missing_lines": [361], "excluded_lines": []}, "WorkspaceExecutor._generate_answer": {"executed_lines": [367, 368, 369, 371, 387, 390, 393, 394, 403, 406, 411, 414, 427, 435, 436, 439, 443], "summary": {"covered_lines": 17, "num_statements": 28, "percent_covered": 60.714285714285715, "percent_covered_display": "61", "missing_lines": 11, "excluded_lines": 0, "percent_statements_covered": 60.714285714285715, "percent_statements_covered_display": "61"}, "missing_lines": [372, 373, 378, 379, 380, 381, 382, 383, 384, 385, 395], "excluded_lines": []}, "WorkspaceExecutor._validate_and_fix_answer": {"executed_lines": [453, 454, 457, 485], "summary": {"covered_lines": 4, "num_statements": 18, "percent_covered": 22.22222222222222, "percent_covered_display": "22", "missing_lines": 14, "excluded_lines": 0, "percent_statements_covered": 22.22222222222222, "percent_statements_covered_display": "22"}, "missing_lines": [458, 460, 461, 463, 464, 466, 470, 471, 472, 479, 480, 481, 482, 483], "excluded_lines": []}, "WorkspaceExecutor._get_length_constraint": {"executed_lines": [489, 494], "summary": {"covered_lines": 2, "num_statements": 2, "percent_covered": 100.0, "percent_covered_display": "100", "missing_lines": 0, "excluded_lines": 0, "percent_statements_covered": 100.0, "percent_statements_covered_display": "100"}, "missing_lines": [], "excluded_lines": []}, "WorkspaceExecutor._get_difficulty_hint": {"executed_lines": [498, 499, 501], "summary": {"covered_lines": 3, "num_statements": 4, "percent_covered": 75.0, "percent_covered_display": "75", "missing_lines": 1, "excluded_lines": 0, "percent_statements_covered": 75.0, "percent_statements_covered_display": "75"}, "missing_lines": [500], "excluded_lines": []}, "WorkspaceExecutor._strip_output_tags": {"executed_lines": [505, 506], "summary": {"covered_lines": 2, "num_statements": 2, "percent_covered": 100.0, "percent_covered_display": "100", "missing_lines": 0, "excluded_lines": 0, "percent_statements_covered": 100.0, "percent_statements_covered_display": "100"}, "missing_lines": [], "excluded_lines": []}, "WorkspaceExecutor._postprocess_answer": {"executed_lines": [511, 512], "summary": {"covered_lines": 2, "num_statements": 2, "percent_covered": 100.0, "percent_covered_display": "100", "missing_lines": 0, "excluded_lines": 0, "percent_statements_covered": 100.0, "percent_statements_covered_display": "100"}, "missing_lines": [], "excluded_lines": []}, "WorkspaceExecutor._sanitize_output": {"executed_lines": [516, 517, 518, 519, 520, 521, 522], "summary": {"covered_lines": 7, "num_statements": 7, "percent_covered": 100.0, "percent_covered_display": "100", "missing_lines": 0, "excluded_lines": 0, "percent_statements_covered": 100.0, "percent_statements_covered_display": "100"}, "missing_lines": [], "excluded_lines": []}, "": {"executed_lines": [1, 3, 5, 6, 7, 8, 9, 10, 18, 20, 27, 28, 29, 30, 31, 33, 36, 39, 40, 42, 43, 44, 45, 46, 47, 48, 51, 52, 53, 55, 56, 57, 58, 59, 60, 61, 64, 65, 66, 68, 69, 70, 71, 72, 75, 76, 81, 103, 133, 167, 196, 211, 231, 257, 276, 311, 344, 354, 364, 445, 487, 496, 503, 508, 514], "summary": {"covered_lines": 59, "num_statements": 59, "percent_covered": 100.0, "percent_covered_display": "100", "missing_lines": 0, "excluded_lines": 5, "percent_statements_covered": 100.0, "percent_statements_covered_display": "100"}, "missing_lines": [], "excluded_lines": [20, 21, 22, 23, 24]}}, "classes": {"WorkflowType": {"executed_lines": [], "summary": {"covered_lines": 0, "num_statements": 0, "percent_covered": 100.0, "percent_covered_display": "100", "missing_lines": 0, "excluded_lines": 0, "percent_statements_covered": 100.0, "percent_statements_covered_display": "100"}, "missing_lines": [], "excluded_lines": []}, "WorkflowContext": {"executed_lines": [], "summary": {"covered_lines": 0, "num_statements": 0, "percent_covered": 100.0, "percent_covered_display": "100", "missing_lines": 0, "excluded_lines": 0, "percent_statements_covered": 100.0, "percent_statements_covered_display": "100"}, "missing_lines": [], "excluded_lines": []}, "WorkflowResult": {"executed_lines": [], "summary": {"covered_lines": 0, "num_statements": 0, "percent_covered": 100.0, "percent_covered_display": "100", "missing_lines": 0, "excluded_lines": 0, "percent_statements_covered": 100.0, "percent_statements_covered_display": "100"}, "missing_lines": [], "excluded_lines": []}, "WorkspaceExecutor": {"executed_lines": [90, 91, 92, 93, 94, 97, 109, 115, 125, 126, 127, 129, 135, 138, 141, 148, 150, 153, 156, 157, 159, 169, 171, 174, 181, 183, 186, 188, 198, 200, 201, 203, 213, 216, 221, 223, 233, 236, 242, 244, 247, 249, 259, 261, 266, 268, 278, 281, 286, 289, 295, 297, 300, 302, 319, 320, 329, 331, 332, 342, 346, 347, 356, 357, 358, 359, 360, 362, 367, 368, 369, 371, 387, 390, 393, 394, 403, 406, 411, 414, 427, 435, 436, 439, 443, 453, 454, 457, 485, 489, 494, 498, 499, 501, 505, 506, 511, 512, 516, 517, 518, 519, 520, 521, 522], "summary": {"covered_lines": 105, "num_statements": 137, "percent_covered": 76.64233576642336, "percent_covered_display": "77", "missing_lines": 32, "excluded_lines": 0, "percent_statements_covered": 76.64233576642336, "percent_statements_covered_display": "77"}, "missing_lines": [151, 184, 245, 298, 340, 361, 372, 373, 378, 379, 380, 381, 382, 383, 384, 385, 395, 458, 460, 461, 463, 464, 466, 470, 471, 472, 479, 480, 481, 482, 483, 500], "excluded_lines": []}, "": {"executed_lines": [1, 3, 5, 6, 7, 8, 9, 10, 18, 20, 27, 28, 29, 30, 31, 33, 36, 39, 40, 42, 43, 44, 45, 46, 47, 48, 51, 52, 53, 55, 56, 57, 58, 59, 60, 61, 64, 65, 66, 68, 69, 70, 71, 72, 75, 76, 81, 103, 133, 167, 196, 211, 231, 257, 276, 311, 344, 354, 364, 445, 487, 496, 503, 508, 514], "summary": {"covered_lines": 59, "num_statements": 59, "percent_covered": 100.0, "percent_covered_display": "100", "missing_lines": 0, "excluded_lines": 5, "percent_statements_covered": 100.0, "percent_statements_covered_display": "100"}, "missing_lines": [], "excluded_lines": [20, 21, 22, 23, 24]}}}}, "totals": {"covered_lines": 9787, "num_statements": 10669, "percent_covered": 91.73305839347643, "percent_covered_display": "92", "missing_lines": 882, "excluded_lines": 164, "percent_statements_covered": 91.73305839347643, "percent_statements_covered_display": "92"}}