scripts\suggest_mappings.py:59: note: By default the bodies of untyped functions are not checked, consider using --check-untyped-defs  [annotation-unchecked]
check_neo4j_summary.py:8: error: Argument 1 to "driver" of "GraphDatabase" has incompatible type "str | None"; expected "str"  [arg-type]
check_neo4j_summary.py:8: error: Argument "auth" to "driver" of "GraphDatabase" has incompatible type "tuple[str | None, str | None]"; expected "tuple[str, str] | Auth | AuthManager | None"  [arg-type]
check_neo4j_summary.py:28: error: Value of type "Record | None" is not indexable  [index]
check_neo4j_summary.py:29: error: Value of type "Record | None" is not indexable  [index]
check_neo4j_summary.py:30: error: Value of type "Record | None" is not indexable  [index]
check_neo4j_summary.py:44: error: Value of type "Record | None" is not indexable  [index]
check_neo4j_summary.py:45: error: Value of type "Record | None" is not indexable  [index]
check_neo4j_summary.py:46: error: Value of type "Record | None" is not indexable  [index]
check_neo4j_rules.py:8: error: Argument 1 to "driver" of "GraphDatabase" has incompatible type "str | None"; expected "str"  [arg-type]
check_neo4j_rules.py:8: error: Argument "auth" to "driver" of "GraphDatabase" has incompatible type "tuple[str | None, str | None]"; expected "tuple[str, str] | Auth | AuthManager | None"  [arg-type]
check_neo4j_rules.py:41: error: Value of type "Record | None" is not indexable  [index]
check_neo4j_rules.py:42: error: Value of type "Record | None" is not indexable  [index]
check_neo4j_rules.py:43: error: Value of type "Record | None" is not indexable  [index]
src\graph_schema_builder.py:105: note: By default the bodies of untyped functions are not checked, consider using --check-untyped-defs  [annotation-unchecked]
src\graph_schema_builder.py:133: note: By default the bodies of untyped functions are not checked, consider using --check-untyped-defs  [annotation-unchecked]
src\graph_schema_builder.py:177: note: By default the bodies of untyped functions are not checked, consider using --check-untyped-defs  [annotation-unchecked]
scripts\count_mappings.py:13: error: Argument 1 to "driver" of "GraphDatabase" has incompatible type "str | None"; expected "str"  [arg-type]
scripts\count_mappings.py:13: error: Argument "auth" to "driver" of "GraphDatabase" has incompatible type "tuple[str | None, str | None]"; expected "tuple[str, str] | Auth | AuthManager | None"  [arg-type]
scripts\count_mappings.py:20: error: Value of type "Record | None" is not indexable  [index]
tests\test_main.py:159: note: By default the bodies of untyped functions are not checked, consider using --check-untyped-defs  [annotation-unchecked]
tests\test_additional_coverage.py:582: note: By default the bodies of untyped functions are not checked, consider using --check-untyped-defs  [annotation-unchecked]
tests\test_additional_coverage.py:962: note: By default the bodies of untyped functions are not checked, consider using --check-untyped-defs  [annotation-unchecked]
src\worker.py:236: note: By default the bodies of untyped functions are not checked, consider using --check-untyped-defs  [annotation-unchecked]
tests\test_worker_process.py:119: note: By default the bodies of untyped functions are not checked, consider using --check-untyped-defs  [annotation-unchecked]
tests\test_worker_process.py:156: note: By default the bodies of untyped functions are not checked, consider using --check-untyped-defs  [annotation-unchecked]
tests\test_worker_process.py:171: note: By default the bodies of untyped functions are not checked, consider using --check-untyped-defs  [annotation-unchecked]
tests\test_worker_process.py:223: note: By default the bodies of untyped functions are not checked, consider using --check-untyped-defs  [annotation-unchecked]
tests\test_worker_process.py:254: note: By default the bodies of untyped functions are not checked, consider using --check-untyped-defs  [annotation-unchecked]
tests\test_worker_process.py:259: note: By default the bodies of untyped functions are not checked, consider using --check-untyped-defs  [annotation-unchecked]
tests\test_worker_process.py:315: note: By default the bodies of untyped functions are not checked, consider using --check-untyped-defs  [annotation-unchecked]
tests\test_worker_process.py:320: note: By default the bodies of untyped functions are not checked, consider using --check-untyped-defs  [annotation-unchecked]
tests\test_low_coverage_targets.py:153: note: By default the bodies of untyped functions are not checked, consider using --check-untyped-defs  [annotation-unchecked]
Found 16 errors in 3 files (checked 140 source files)
